{"level":"info","msg":"KITEX: server listen at addr=[::]:9001","time":"2023-02-18T16:59:15+08:00"}
{"level":"info","msg":"start keepalive lease 694d8663bb2a5c04 for etcd registry","time":"2023-02-18T16:59:16+08:00"}
{"level":"info","msg":"real request: \u0026{Req:user_id:1  to_user_id:1}\n","time":"2023-02-18T17:00:03+08:00"}
{"level":"info","msg":"remote service name: relation, remote method: QueryRelation\n","time":"2023-02-18T17:00:03+08:00"}
{"level":"info","msg":"client address: [::1]:57040\n","time":"2023-02-18T17:00:03+08:00"}
{"level":"info","msg":"real response: \u0026{Success:base_resp:{status_msg:\"Success\"}}\n","time":"2023-02-18T17:00:03+08:00"}
{"level":"info","msg":"real request: \u0026{Req:user_id:1}\n","time":"2023-02-18T17:00:26+08:00"}
{"level":"info","msg":"remote service name: relation, remote method: MGetRelationFollowList\n","time":"2023-02-18T17:00:26+08:00"}
{"level":"info","msg":"client address: [::1]:57040\n","time":"2023-02-18T17:00:26+08:00"}
{"level":"info","msg":"real response: \u0026{Success:base_resp:{status_msg:\"Success\"}}\n","time":"2023-02-18T17:00:26+08:00"}
{"level":"info","msg":"real request: \u0026{Req:user_id:1}\n","time":"2023-02-18T17:00:27+08:00"}
{"level":"info","msg":"remote service name: relation, remote method: MGetUserRelationFollowerList\n","time":"2023-02-18T17:00:27+08:00"}
{"level":"info","msg":"client address: [::1]:57040\n","time":"2023-02-18T17:00:27+08:00"}
{"level":"info","msg":"real response: \u0026{Success:base_resp:{status_msg:\"Success\"}}\n","time":"2023-02-18T17:00:27+08:00"}
{"level":"warning","msg":"KITEX: signal connection closing error:protobuf just support 'framed' trans proto[::]:9001=\u003e[::1]:57040","time":"2023-02-18T17:01:56+08:00"}
{"level":"info","msg":"KITEX: server listen at addr=[::]:9001","time":"2023-02-18T17:01:59+08:00"}
{"level":"info","msg":"start keepalive lease 694d8663bb2a5c1d for etcd registry","time":"2023-02-18T17:02:00+08:00"}
{"level":"info","msg":"real request: \u0026{Req:user_id:1}\n","time":"2023-02-18T17:02:05+08:00"}
{"level":"info","msg":"remote service name: relation, remote method: MGetRelationFollowList\n","time":"2023-02-18T17:02:05+08:00"}
{"level":"info","msg":"client address: [::1]:51714\n","time":"2023-02-18T17:02:05+08:00"}
{"level":"info","msg":"real response: \u0026{Success:base_resp:{status_msg:\"Success\"}}\n","time":"2023-02-18T17:02:05+08:00"}
{"level":"info","msg":"real request: \u0026{Req:user_id:1}\n","time":"2023-02-18T17:02:06+08:00"}
{"level":"info","msg":"remote service name: relation, remote method: MGetUserRelationFollowerList\n","time":"2023-02-18T17:02:06+08:00"}
{"level":"info","msg":"client address: [::1]:51714\n","time":"2023-02-18T17:02:06+08:00"}
{"level":"info","msg":"real response: \u0026{Success:base_resp:{status_msg:\"Success\"}}\n","time":"2023-02-18T17:02:06+08:00"}
{"level":"info","msg":"real request: \u0026{Req:user_id:1}\n","time":"2023-02-18T17:03:59+08:00"}
{"level":"info","msg":"remote service name: relation, remote method: MGetRelationFollowList\n","time":"2023-02-18T17:03:59+08:00"}
{"level":"info","msg":"client address: [::1]:35744\n","time":"2023-02-18T17:03:59+08:00"}
{"level":"info","msg":"real response: \u0026{Success:base_resp:{status_msg:\"Success\"}}\n","time":"2023-02-18T17:03:59+08:00"}
{"level":"info","msg":"real request: \u0026{Req:user_id:2  to_user_id:2}\n","time":"2023-02-18T17:06:51+08:00"}
{"level":"info","msg":"remote service name: relation, remote method: QueryRelation\n","time":"2023-02-18T17:06:51+08:00"}
{"level":"info","msg":"client address: [::1]:46948\n","time":"2023-02-18T17:06:51+08:00"}
{"level":"info","msg":"real response: \u0026{Success:base_resp:{status_msg:\"Success\"}}\n","time":"2023-02-18T17:06:51+08:00"}
{"level":"info","msg":"real request: \u0026{Req:user_id:2}\n","time":"2023-02-18T17:06:55+08:00"}
{"level":"info","msg":"remote service name: relation, remote method: MGetRelationFollowList\n","time":"2023-02-18T17:06:55+08:00"}
{"level":"info","msg":"client address: [::1]:46948\n","time":"2023-02-18T17:06:55+08:00"}
{"level":"info","msg":"real response: \u0026{Success:base_resp:{status_msg:\"Success\"}}\n","time":"2023-02-18T17:06:55+08:00"}
{"level":"info","msg":"real request: \u0026{Req:user_id:2}\n","time":"2023-02-18T17:06:56+08:00"}
{"level":"info","msg":"remote service name: relation, remote method: MGetUserRelationFollowerList\n","time":"2023-02-18T17:06:56+08:00"}
{"level":"info","msg":"client address: [::1]:46948\n","time":"2023-02-18T17:06:56+08:00"}
{"level":"info","msg":"real response: \u0026{Success:base_resp:{status_msg:\"Success\"}}\n","time":"2023-02-18T17:06:56+08:00"}
{"level":"info","msg":"real request: \u0026{Req:user_id:2}\n","time":"2023-02-18T17:09:02+08:00"}
{"level":"info","msg":"remote service name: relation, remote method: MGetRelationFollowList\n","time":"2023-02-18T17:09:02+08:00"}
{"level":"info","msg":"client address: [::1]:56598\n","time":"2023-02-18T17:09:02+08:00"}
{"level":"info","msg":"real response: \u0026{Success:base_resp:{status_msg:\"Success\"}}\n","time":"2023-02-18T17:09:02+08:00"}
{"level":"info","msg":"real request: \u0026{Req:user_id:2}\n","time":"2023-02-18T17:09:04+08:00"}
{"level":"info","msg":"remote service name: relation, remote method: MGetUserRelationFollowerList\n","time":"2023-02-18T17:09:04+08:00"}
{"level":"info","msg":"client address: [::1]:56598\n","time":"2023-02-18T17:09:04+08:00"}
{"level":"info","msg":"real response: \u0026{Success:base_resp:{status_msg:\"Success\"}}\n","time":"2023-02-18T17:09:04+08:00"}
{"level":"info","msg":"real request: \u0026{Req:user_id:2}\n","time":"2023-02-18T17:12:46+08:00"}
{"level":"info","msg":"remote service name: relation, remote method: MGetRelationFollowList\n","time":"2023-02-18T17:12:46+08:00"}
{"level":"info","msg":"client address: [::1]:47280\n","time":"2023-02-18T17:12:46+08:00"}
{"level":"info","msg":"real response: \u0026{Success:base_resp:{status_msg:\"Success\"}}\n","time":"2023-02-18T17:12:46+08:00"}
{"level":"info","msg":"real request: \u0026{Req:user_id:2  to_user_id:2}\n","time":"2023-02-18T17:13:02+08:00"}
{"level":"info","msg":"remote service name: relation, remote method: QueryRelation\n","time":"2023-02-18T17:13:02+08:00"}
{"level":"info","msg":"client address: [::1]:47280\n","time":"2023-02-18T17:13:02+08:00"}
{"level":"info","msg":"real response: \u0026{Success:base_resp:{status_msg:\"Success\"}}\n","time":"2023-02-18T17:13:02+08:00"}
{"level":"info","msg":"real request: \u0026{Req:user_id:2}\n","time":"2023-02-18T17:13:04+08:00"}
{"level":"info","msg":"remote service name: relation, remote method: MGetRelationFollowList\n","time":"2023-02-18T17:13:04+08:00"}
{"level":"info","msg":"client address: [::1]:47280\n","time":"2023-02-18T17:13:04+08:00"}
{"level":"info","msg":"real response: \u0026{Success:base_resp:{status_msg:\"Success\"}}\n","time":"2023-02-18T17:13:04+08:00"}
{"level":"info","msg":"real request: \u0026{Req:user_id:2}\n","time":"2023-02-18T17:13:07+08:00"}
{"level":"info","msg":"remote service name: relation, remote method: MGetUserRelationFollowerList\n","time":"2023-02-18T17:13:07+08:00"}
{"level":"info","msg":"client address: [::1]:47280\n","time":"2023-02-18T17:13:07+08:00"}
{"level":"info","msg":"real response: \u0026{Success:base_resp:{status_msg:\"Success\"}}\n","time":"2023-02-18T17:13:07+08:00"}
{"level":"info","msg":"real request: \u0026{Req:user_id:2}\n","time":"2023-02-18T17:16:03+08:00"}
{"level":"info","msg":"remote service name: relation, remote method: MGetRelationFollowList\n","time":"2023-02-18T17:16:03+08:00"}
{"level":"info","msg":"client address: [::1]:46270\n","time":"2023-02-18T17:16:03+08:00"}
{"level":"info","msg":"real response: \u0026{Success:base_resp:{status_msg:\"Success\"}}\n","time":"2023-02-18T17:16:03+08:00"}
{"level":"info","msg":"real request: \u0026{Req:user_id:2}\n","time":"2023-02-18T17:17:06+08:00"}
{"level":"info","msg":"remote service name: relation, remote method: MGetRelationFollowList\n","time":"2023-02-18T17:17:06+08:00"}
{"level":"info","msg":"client address: [::1]:52232\n","time":"2023-02-18T17:17:06+08:00"}
{"level":"info","msg":"real response: \u0026{Success:base_resp:{status_msg:\"Success\"}}\n","time":"2023-02-18T17:17:06+08:00"}
{"level":"info","msg":"real request: \u0026{Req:user_id:2}\n","time":"2023-02-18T17:17:07+08:00"}
{"level":"info","msg":"remote service name: relation, remote method: MGetUserRelationFollowerList\n","time":"2023-02-18T17:17:07+08:00"}
{"level":"info","msg":"client address: [::1]:52232\n","time":"2023-02-18T17:17:07+08:00"}
{"level":"info","msg":"real response: \u0026{Success:base_resp:{status_msg:\"Success\"}}\n","time":"2023-02-18T17:17:07+08:00"}
{"level":"info","msg":"real request: \u0026{Req:user_id:2}\n","time":"2023-02-18T17:20:44+08:00"}
{"level":"info","msg":"remote service name: relation, remote method: MGetRelationFollowList\n","time":"2023-02-18T17:20:44+08:00"}
{"level":"info","msg":"client address: [::1]:57576\n","time":"2023-02-18T17:20:44+08:00"}
{"level":"info","msg":"real response: \u0026{Success:base_resp:{status_msg:\"Success\"}}\n","time":"2023-02-18T17:20:44+08:00"}
{"level":"info","msg":"real request: \u0026{Req:user_id:2}\n","time":"2023-02-18T17:20:45+08:00"}
{"level":"info","msg":"remote service name: relation, remote method: MGetUserRelationFollowerList\n","time":"2023-02-18T17:20:45+08:00"}
{"level":"info","msg":"client address: [::1]:57576\n","time":"2023-02-18T17:20:45+08:00"}
{"level":"info","msg":"real response: \u0026{Success:base_resp:{status_msg:\"Success\"}}\n","time":"2023-02-18T17:20:45+08:00"}
