{"level":"info","msg":"KITEX: server listen at addr=[::]:9000","time":"2023-02-14T17:04:23+08:00"}
{"level":"info","msg":"start keepalive lease 694d864f29f13604 for etcd registry","time":"2023-02-14T17:04:24+08:00"}
{"level":"info","msg":"KITEX: server listen at addr=[::]:9000","time":"2023-02-14T17:12:51+08:00"}
{"level":"info","msg":"start keepalive lease 694d864f29f1360a for etcd registry","time":"2023-02-14T17:12:52+08:00"}
{"level":"info","msg":"KITEX: server listen at addr=[::]:9001","time":"2023-02-14T17:13:57+08:00"}
{"level":"info","msg":"start keepalive lease 694d864f29f1360f for etcd registry","time":"2023-02-14T17:13:58+08:00"}
{"level":"info","msg":"real request: \u0026{Req:user_id:2  to_user_id:2}\n","time":"2023-02-14T17:14:15+08:00"}
{"level":"info","msg":"remote service name: relation, remote method: QueryRelation\n","time":"2023-02-14T17:14:15+08:00"}
{"level":"info","msg":"client address: [::1]:37600\n","time":"2023-02-14T17:14:15+08:00"}
{"level":"info","msg":"real response: \u0026{Success:base_resp:{status_msg:\"Success\"}  is_follow:true}\n","time":"2023-02-14T17:14:15+08:00"}
{"level":"info","msg":"real request: \u0026{Req:user_id:2}\n","time":"2023-02-14T17:18:26+08:00"}
{"level":"info","msg":"remote service name: relation, remote method: MGetRelationFollowList\n","time":"2023-02-14T17:18:26+08:00"}
{"level":"info","msg":"client address: [::1]:37600\n","time":"2023-02-14T17:18:26+08:00"}
{"level":"info","msg":"real request: \u0026{Req:}\n","time":"2023-02-14T17:18:26+08:00"}
{"level":"info","msg":"remote service name: user, remote method: MGetUserInfo\n","time":"2023-02-14T17:18:26+08:00"}
{"level":"info","msg":"server address: [::]:9000, rpc timeout: 0s, readwrite timeout: 50ms\n","time":"2023-02-14T17:18:26+08:00"}
{"level":"info","msg":"real response: \u0026{Success:base_resp:{status_code:10013  status_msg:\"Failed to use user RPC\"}}\n","time":"2023-02-14T17:18:26+08:00"}
{"level":"info","msg":"real request: \u0026{Req:user_id:2}\n","time":"2023-02-14T17:18:40+08:00"}
{"level":"info","msg":"remote service name: relation, remote method: MGetRelationFollowList\n","time":"2023-02-14T17:18:40+08:00"}
{"level":"info","msg":"client address: [::1]:37600\n","time":"2023-02-14T17:18:40+08:00"}
{"level":"info","msg":"real request: \u0026{Req:}\n","time":"2023-02-14T17:18:40+08:00"}
{"level":"info","msg":"remote service name: user, remote method: MGetUserInfo\n","time":"2023-02-14T17:18:40+08:00"}
{"level":"info","msg":"server address: [::]:9000, rpc timeout: 0s, readwrite timeout: 50ms\n","time":"2023-02-14T17:18:40+08:00"}
{"level":"info","msg":"real response: \u0026{Success:base_resp:{status_code:10013  status_msg:\"Failed to use user RPC\"}}\n","time":"2023-02-14T17:18:40+08:00"}
{"level":"info","msg":"real request: \u0026{Req:user_id:2}\n","time":"2023-02-14T17:18:42+08:00"}
{"level":"info","msg":"remote service name: relation, remote method: MGetUserRelationFollowerList\n","time":"2023-02-14T17:18:42+08:00"}
{"level":"info","msg":"client address: [::1]:37600\n","time":"2023-02-14T17:18:42+08:00"}
{"level":"info","msg":"real request: \u0026{Req:}\n","time":"2023-02-14T17:18:42+08:00"}
{"level":"info","msg":"remote service name: user, remote method: MGetUserInfo\n","time":"2023-02-14T17:18:42+08:00"}
{"level":"info","msg":"server address: [::]:9000, rpc timeout: 0s, readwrite timeout: 50ms\n","time":"2023-02-14T17:18:42+08:00"}
{"level":"info","msg":"real response: \u0026{Success:base_resp:{status_code:10013  status_msg:\"Failed to use user RPC\"}}\n","time":"2023-02-14T17:18:42+08:00"}
{"level":"info","msg":"real request: \u0026{Req:user_id:2}\n","time":"2023-02-14T17:18:45+08:00"}
{"level":"info","msg":"remote service name: relation, remote method: MGetRelationFollowList\n","time":"2023-02-14T17:18:45+08:00"}
{"level":"info","msg":"client address: [::1]:37600\n","time":"2023-02-14T17:18:45+08:00"}
{"level":"info","msg":"real request: \u0026{Req:}\n","time":"2023-02-14T17:18:45+08:00"}
{"level":"info","msg":"remote service name: user, remote method: MGetUserInfo\n","time":"2023-02-14T17:18:45+08:00"}
{"level":"info","msg":"server address: [::]:9000, rpc timeout: 0s, readwrite timeout: 50ms\n","time":"2023-02-14T17:18:45+08:00"}
{"level":"info","msg":"real response: \u0026{Success:base_resp:{status_code:10013  status_msg:\"Failed to use user RPC\"}}\n","time":"2023-02-14T17:18:45+08:00"}
{"level":"info","msg":"real request: \u0026{Req:user_id:2}\n","time":"2023-02-14T17:18:47+08:00"}
{"level":"info","msg":"remote service name: relation, remote method: MGetUserRelationFollowerList\n","time":"2023-02-14T17:18:47+08:00"}
{"level":"info","msg":"client address: [::1]:37600\n","time":"2023-02-14T17:18:47+08:00"}
{"level":"info","msg":"real request: \u0026{Req:}\n","time":"2023-02-14T17:18:47+08:00"}
{"level":"info","msg":"remote service name: user, remote method: MGetUserInfo\n","time":"2023-02-14T17:18:47+08:00"}
{"level":"info","msg":"server address: [::]:9000, rpc timeout: 0s, readwrite timeout: 50ms\n","time":"2023-02-14T17:18:47+08:00"}
{"level":"info","msg":"real response: \u0026{Success:base_resp:{status_code:10013  status_msg:\"Failed to use user RPC\"}}\n","time":"2023-02-14T17:18:47+08:00"}
{"level":"info","msg":"real request: \u0026{Req:user_id:2}\n","time":"2023-02-14T17:18:50+08:00"}
{"level":"info","msg":"remote service name: relation, remote method: MGetRelationFollowList\n","time":"2023-02-14T17:18:50+08:00"}
{"level":"info","msg":"client address: [::1]:37600\n","time":"2023-02-14T17:18:50+08:00"}
{"level":"info","msg":"real request: \u0026{Req:}\n","time":"2023-02-14T17:18:50+08:00"}
{"level":"info","msg":"remote service name: user, remote method: MGetUserInfo\n","time":"2023-02-14T17:18:50+08:00"}
{"level":"info","msg":"server address: [::]:9000, rpc timeout: 0s, readwrite timeout: 50ms\n","time":"2023-02-14T17:18:50+08:00"}
{"level":"info","msg":"real response: \u0026{Success:base_resp:{status_code:10013  status_msg:\"Failed to use user RPC\"}}\n","time":"2023-02-14T17:18:50+08:00"}
{"level":"info","msg":"real request: \u0026{Req:user_id:2}\n","time":"2023-02-14T17:33:51+08:00"}
{"level":"info","msg":"remote service name: relation, remote method: MGetRelationFollowList\n","time":"2023-02-14T17:33:51+08:00"}
{"level":"info","msg":"client address: [::1]:37600\n","time":"2023-02-14T17:33:51+08:00"}
{"level":"info","msg":"real request: \u0026{Req:}\n","time":"2023-02-14T17:33:51+08:00"}
{"level":"info","msg":"remote service name: user, remote method: MGetUserInfo\n","time":"2023-02-14T17:33:51+08:00"}
{"level":"info","msg":"server address: [::]:9000, rpc timeout: 0s, readwrite timeout: 50ms\n","time":"2023-02-14T17:33:51+08:00"}
{"level":"info","msg":"real response: \u0026{Success:base_resp:{status_code:10013  status_msg:\"Failed to use user RPC\"}}\n","time":"2023-02-14T17:33:51+08:00"}
{"level":"info","msg":"real request: \u0026{Req:user_id:2}\n","time":"2023-02-14T17:33:54+08:00"}
{"level":"info","msg":"remote service name: relation, remote method: MGetUserRelationFollowerList\n","time":"2023-02-14T17:33:54+08:00"}
{"level":"info","msg":"client address: [::1]:37600\n","time":"2023-02-14T17:33:54+08:00"}
{"level":"info","msg":"real request: \u0026{Req:}\n","time":"2023-02-14T17:33:54+08:00"}
{"level":"info","msg":"remote service name: user, remote method: MGetUserInfo\n","time":"2023-02-14T17:33:54+08:00"}
{"level":"info","msg":"server address: [::]:9000, rpc timeout: 0s, readwrite timeout: 50ms\n","time":"2023-02-14T17:33:54+08:00"}
{"level":"info","msg":"real response: \u0026{Success:base_resp:{status_code:10013  status_msg:\"Failed to use user RPC\"}}\n","time":"2023-02-14T17:33:54+08:00"}
{"level":"info","msg":"real request: \u0026{Req:user_id:2}\n","time":"2023-02-14T17:33:56+08:00"}
{"level":"info","msg":"remote service name: relation, remote method: MGetRelationFollowList\n","time":"2023-02-14T17:33:56+08:00"}
{"level":"info","msg":"client address: [::1]:37600\n","time":"2023-02-14T17:33:56+08:00"}
{"level":"info","msg":"real request: \u0026{Req:}\n","time":"2023-02-14T17:33:56+08:00"}
{"level":"info","msg":"remote service name: user, remote method: MGetUserInfo\n","time":"2023-02-14T17:33:56+08:00"}
{"level":"info","msg":"server address: [::]:9000, rpc timeout: 0s, readwrite timeout: 50ms\n","time":"2023-02-14T17:33:56+08:00"}
{"level":"info","msg":"real request: \u0026{Req:user_id:2}\n","time":"2023-02-14T17:33:56+08:00"}
{"level":"info","msg":"remote service name: relation, remote method: MGetUserRelationFollowerList\n","time":"2023-02-14T17:33:56+08:00"}
{"level":"info","msg":"client address: [::1]:37600\n","time":"2023-02-14T17:33:56+08:00"}
{"level":"info","msg":"real response: \u0026{Success:base_resp:{status_code:10013  status_msg:\"Failed to use user RPC\"}}\n","time":"2023-02-14T17:33:56+08:00"}
{"level":"info","msg":"real request: \u0026{Req:}\n","time":"2023-02-14T17:33:56+08:00"}
{"level":"info","msg":"remote service name: user, remote method: MGetUserInfo\n","time":"2023-02-14T17:33:56+08:00"}
{"level":"info","msg":"server address: [::]:9000, rpc timeout: 0s, readwrite timeout: 50ms\n","time":"2023-02-14T17:33:56+08:00"}
{"level":"info","msg":"real response: \u0026{Success:base_resp:{status_code:10013  status_msg:\"Failed to use user RPC\"}}\n","time":"2023-02-14T17:33:56+08:00"}
{"level":"info","msg":"real request: \u0026{Req:user_id:2}\n","time":"2023-02-14T17:33:56+08:00"}
{"level":"info","msg":"remote service name: relation, remote method: MGetRelationFollowList\n","time":"2023-02-14T17:33:56+08:00"}
{"level":"info","msg":"client address: [::1]:37600\n","time":"2023-02-14T17:33:56+08:00"}
{"level":"info","msg":"real request: \u0026{Req:user_id:2}\n","time":"2023-02-14T17:33:56+08:00"}
{"level":"info","msg":"remote service name: relation, remote method: MGetUserRelationFollowerList\n","time":"2023-02-14T17:33:56+08:00"}
{"level":"info","msg":"client address: [::1]:37600\n","time":"2023-02-14T17:33:56+08:00"}
{"level":"info","msg":"real request: \u0026{Req:}\n","time":"2023-02-14T17:33:56+08:00"}
{"level":"info","msg":"remote service name: user, remote method: MGetUserInfo\n","time":"2023-02-14T17:33:56+08:00"}
{"level":"info","msg":"server address: [::]:9000, rpc timeout: 0s, readwrite timeout: 50ms\n","time":"2023-02-14T17:33:56+08:00"}
{"level":"info","msg":"real response: \u0026{Success:base_resp:{status_code:10013  status_msg:\"Failed to use user RPC\"}}\n","time":"2023-02-14T17:33:56+08:00"}
{"level":"info","msg":"real request: \u0026{Req:}\n","time":"2023-02-14T17:33:56+08:00"}
{"level":"info","msg":"remote service name: user, remote method: MGetUserInfo\n","time":"2023-02-14T17:33:56+08:00"}
{"level":"info","msg":"server address: [::]:9000, rpc timeout: 0s, readwrite timeout: 50ms\n","time":"2023-02-14T17:33:56+08:00"}
{"level":"info","msg":"real response: \u0026{Success:base_resp:{status_code:10013  status_msg:\"Failed to use user RPC\"}}\n","time":"2023-02-14T17:33:56+08:00"}
{"level":"info","msg":"real request: \u0026{Req:user_id:2}\n","time":"2023-02-14T17:33:56+08:00"}
{"level":"info","msg":"remote service name: relation, remote method: MGetRelationFollowList\n","time":"2023-02-14T17:33:56+08:00"}
{"level":"info","msg":"client address: [::1]:37600\n","time":"2023-02-14T17:33:56+08:00"}
{"level":"info","msg":"real request: \u0026{Req:}\n","time":"2023-02-14T17:33:56+08:00"}
{"level":"info","msg":"remote service name: user, remote method: MGetUserInfo\n","time":"2023-02-14T17:33:56+08:00"}
{"level":"info","msg":"server address: [::]:9000, rpc timeout: 0s, readwrite timeout: 50ms\n","time":"2023-02-14T17:33:56+08:00"}
{"level":"info","msg":"real response: \u0026{Success:base_resp:{status_code:10013  status_msg:\"Failed to use user RPC\"}}\n","time":"2023-02-14T17:33:56+08:00"}
{"level":"info","msg":"real request: \u0026{Req:user_id:2}\n","time":"2023-02-14T17:35:31+08:00"}
{"level":"info","msg":"remote service name: relation, remote method: MGetRelationFollowList\n","time":"2023-02-14T17:35:31+08:00"}
{"level":"info","msg":"client address: [::1]:37600\n","time":"2023-02-14T17:35:31+08:00"}
{"level":"info","msg":"real request: \u0026{Req:}\n","time":"2023-02-14T17:35:31+08:00"}
{"level":"info","msg":"remote service name: user, remote method: MGetUserInfo\n","time":"2023-02-14T17:35:31+08:00"}
{"level":"info","msg":"server address: [::]:9000, rpc timeout: 0s, readwrite timeout: 50ms\n","time":"2023-02-14T17:35:31+08:00"}
{"level":"info","msg":"real response: \u0026{Success:base_resp:{status_code:10013  status_msg:\"Failed to use user RPC\"}}\n","time":"2023-02-14T17:35:31+08:00"}
{"level":"info","msg":"real request: \u0026{Req:user_id:2}\n","time":"2023-02-14T17:36:29+08:00"}
{"level":"info","msg":"remote service name: relation, remote method: MGetRelationFollowList\n","time":"2023-02-14T17:36:29+08:00"}
{"level":"info","msg":"client address: [::1]:37600\n","time":"2023-02-14T17:36:29+08:00"}
{"level":"info","msg":"real request: \u0026{Req:}\n","time":"2023-02-14T17:36:29+08:00"}
{"level":"info","msg":"remote service name: user, remote method: MGetUserInfo\n","time":"2023-02-14T17:36:29+08:00"}
{"level":"info","msg":"server address: [::]:9000, rpc timeout: 0s, readwrite timeout: 50ms\n","time":"2023-02-14T17:36:29+08:00"}
{"level":"info","msg":"real response: \u0026{Success:base_resp:{status_code:10013  status_msg:\"Failed to use user RPC\"}}\n","time":"2023-02-14T17:36:29+08:00"}
{"level":"info","msg":"real request: \u0026{Req:user_id:2}\n","time":"2023-02-14T17:37:57+08:00"}
{"level":"info","msg":"remote service name: relation, remote method: MGetRelationFollowList\n","time":"2023-02-14T17:37:57+08:00"}
{"level":"info","msg":"client address: [::1]:37600\n","time":"2023-02-14T17:37:57+08:00"}
{"level":"info","msg":"real request: \u0026{Req:}\n","time":"2023-02-14T17:37:57+08:00"}
{"level":"info","msg":"remote service name: user, remote method: MGetUserInfo\n","time":"2023-02-14T17:37:57+08:00"}
{"level":"info","msg":"server address: [::]:9000, rpc timeout: 0s, readwrite timeout: 50ms\n","time":"2023-02-14T17:37:57+08:00"}
{"level":"info","msg":"real response: \u0026{Success:base_resp:{status_code:10013  status_msg:\"Failed to use user RPC\"}}\n","time":"2023-02-14T17:37:57+08:00"}
{"level":"info","msg":"real request: \u0026{Req:user_id:2}\n","time":"2023-02-14T17:38:43+08:00"}
{"level":"info","msg":"remote service name: relation, remote method: MGetRelationFollowList\n","time":"2023-02-14T17:38:43+08:00"}
{"level":"info","msg":"client address: [::1]:37600\n","time":"2023-02-14T17:38:43+08:00"}
{"level":"info","msg":"real request: \u0026{Req:}\n","time":"2023-02-14T17:38:43+08:00"}
{"level":"info","msg":"remote service name: user, remote method: MGetUserInfo\n","time":"2023-02-14T17:38:43+08:00"}
{"level":"info","msg":"server address: [::]:9000, rpc timeout: 0s, readwrite timeout: 50ms\n","time":"2023-02-14T17:38:43+08:00"}
{"level":"info","msg":"real response: \u0026{Success:base_resp:{status_code:10013  status_msg:\"Failed to use user RPC\"}}\n","time":"2023-02-14T17:38:43+08:00"}
{"level":"info","msg":"real request: \u0026{Req:user_id:2}\n","time":"2023-02-14T17:39:33+08:00"}
{"level":"info","msg":"remote service name: relation, remote method: MGetRelationFollowList\n","time":"2023-02-14T17:39:33+08:00"}
{"level":"info","msg":"client address: [::1]:37600\n","time":"2023-02-14T17:39:33+08:00"}
{"level":"info","msg":"real request: \u0026{Req:}\n","time":"2023-02-14T17:39:33+08:00"}
{"level":"info","msg":"remote service name: user, remote method: MGetUserInfo\n","time":"2023-02-14T17:39:33+08:00"}
{"level":"info","msg":"server address: [::]:9000, rpc timeout: 0s, readwrite timeout: 50ms\n","time":"2023-02-14T17:39:33+08:00"}
{"level":"info","msg":"real response: \u0026{Success:base_resp:{status_code:10013  status_msg:\"Failed to use user RPC\"}}\n","time":"2023-02-14T17:39:33+08:00"}
{"level":"info","msg":"real request: \u0026{Req:user_id:2}\n","time":"2023-02-14T17:40:39+08:00"}
{"level":"info","msg":"remote service name: relation, remote method: MGetRelationFollowList\n","time":"2023-02-14T17:40:39+08:00"}
{"level":"info","msg":"client address: [::1]:37600\n","time":"2023-02-14T17:40:39+08:00"}
{"level":"info","msg":"real request: \u0026{Req:}\n","time":"2023-02-14T17:40:39+08:00"}
{"level":"info","msg":"remote service name: user, remote method: MGetUserInfo\n","time":"2023-02-14T17:40:39+08:00"}
{"level":"info","msg":"server address: [::]:9000, rpc timeout: 0s, readwrite timeout: 50ms\n","time":"2023-02-14T17:40:39+08:00"}
{"level":"info","msg":"real response: \u0026{Success:base_resp:{status_code:10013  status_msg:\"Failed to use user RPC\"}}\n","time":"2023-02-14T17:40:39+08:00"}
{"level":"info","msg":"real request: \u0026{Req:user_id:2}\n","time":"2023-02-14T17:41:49+08:00"}
{"level":"info","msg":"remote service name: relation, remote method: MGetRelationFollowList\n","time":"2023-02-14T17:41:49+08:00"}
{"level":"info","msg":"client address: [::1]:37600\n","time":"2023-02-14T17:41:49+08:00"}
{"level":"info","msg":"real request: \u0026{Req:}\n","time":"2023-02-14T17:41:49+08:00"}
{"level":"info","msg":"remote service name: user, remote method: MGetUserInfo\n","time":"2023-02-14T17:41:49+08:00"}
{"level":"info","msg":"server address: [::]:9000, rpc timeout: 0s, readwrite timeout: 50ms\n","time":"2023-02-14T17:41:49+08:00"}
{"level":"info","msg":"real response: \u0026{Success:base_resp:{status_code:10013  status_msg:\"Failed to use user RPC\"}}\n","time":"2023-02-14T17:41:49+08:00"}
{"level":"info","msg":"real request: \u0026{Req:user_id:2}\n","time":"2023-02-14T17:45:05+08:00"}
{"level":"info","msg":"remote service name: relation, remote method: MGetRelationFollowList\n","time":"2023-02-14T17:45:05+08:00"}
{"level":"info","msg":"client address: [::1]:37600\n","time":"2023-02-14T17:45:05+08:00"}
{"level":"info","msg":"real request: \u0026{Req:}\n","time":"2023-02-14T17:45:05+08:00"}
{"level":"info","msg":"remote service name: user, remote method: MGetUserInfo\n","time":"2023-02-14T17:45:05+08:00"}
{"level":"info","msg":"server address: [::]:9000, rpc timeout: 0s, readwrite timeout: 50ms\n","time":"2023-02-14T17:45:05+08:00"}
{"level":"info","msg":"real response: \u0026{Success:base_resp:{status_code:10013  status_msg:\"Failed to use user RPC\"}}\n","time":"2023-02-14T17:45:05+08:00"}
{"level":"warning","msg":"KITEX: signal connection closing error:protobuf just support 'framed' trans proto[::]:9001=\u003e[::1]:37600","time":"2023-02-14T17:50:04+08:00"}
{"level":"info","msg":"KITEX: server listen at addr=[::]:9001","time":"2023-02-14T17:50:08+08:00"}
{"level":"info","msg":"start keepalive lease 694d864f29f136c4 for etcd registry","time":"2023-02-14T17:50:09+08:00"}
{"level":"info","msg":"real request: \u0026{Req:user_id:2}\n","time":"2023-02-14T17:50:20+08:00"}
{"level":"info","msg":"remote service name: relation, remote method: MGetRelationFollowList\n","time":"2023-02-14T17:50:20+08:00"}
{"level":"info","msg":"client address: [::1]:40556\n","time":"2023-02-14T17:50:20+08:00"}
{"level":"info","msg":"real response: \u0026{Success:base_resp:{status_msg:\"Success\"}}\n","time":"2023-02-14T17:50:20+08:00"}
{"level":"info","msg":"real request: \u0026{Req:user_id:2}\n","time":"2023-02-14T17:50:22+08:00"}
{"level":"info","msg":"remote service name: relation, remote method: MGetUserRelationFollowerList\n","time":"2023-02-14T17:50:22+08:00"}
{"level":"info","msg":"client address: [::1]:40556\n","time":"2023-02-14T17:50:22+08:00"}
{"level":"info","msg":"real response: \u0026{Success:base_resp:{status_msg:\"Success\"}}\n","time":"2023-02-14T17:50:22+08:00"}
{"level":"info","msg":"real request: \u0026{Req:user_id:3 to_user_id:3}\n","time":"2023-02-14T17:55:23+08:00"}
{"level":"info","msg":"remote service name: relation, remote method: QueryRelation\n","time":"2023-02-14T17:55:23+08:00"}
{"level":"info","msg":"client address: [::1]:40556\n","time":"2023-02-14T17:55:23+08:00"}
{"level":"info","msg":"real response: \u0026{Success:base_resp:{status_msg:\"Success\"} is_follow:true}\n","time":"2023-02-14T17:55:23+08:00"}
{"level":"info","msg":"real request: \u0026{Req:user_id:4 to_user_id:4}\n","time":"2023-02-14T17:55:38+08:00"}
{"level":"info","msg":"remote service name: relation, remote method: QueryRelation\n","time":"2023-02-14T17:55:38+08:00"}
{"level":"info","msg":"client address: [::1]:40556\n","time":"2023-02-14T17:55:38+08:00"}
{"level":"info","msg":"real response: \u0026{Success:base_resp:{status_msg:\"Success\"} is_follow:true}\n","time":"2023-02-14T17:55:38+08:00"}
{"level":"info","msg":"real request: \u0026{Req:user_id:5 to_user_id:5}\n","time":"2023-02-14T18:02:28+08:00"}
{"level":"info","msg":"remote service name: relation, remote method: QueryRelation\n","time":"2023-02-14T18:02:28+08:00"}
{"level":"info","msg":"client address: [::1]:40990\n","time":"2023-02-14T18:02:28+08:00"}
{"level":"info","msg":"real response: \u0026{Success:base_resp:{status_msg:\"Success\"} is_follow:true}\n","time":"2023-02-14T18:02:28+08:00"}
{"level":"info","msg":"real request: \u0026{Req:user_id:5}\n","time":"2023-02-14T18:11:37+08:00"}
{"level":"info","msg":"remote service name: relation, remote method: MGetRelationFollowList\n","time":"2023-02-14T18:11:37+08:00"}
{"level":"info","msg":"client address: [::1]:40990\n","time":"2023-02-14T18:11:37+08:00"}
{"level":"info","msg":"real response: \u0026{Success:base_resp:{status_msg:\"Success\"}}\n","time":"2023-02-14T18:11:37+08:00"}
{"level":"info","msg":"real request: \u0026{Req:user_id:5}\n","time":"2023-02-14T18:11:40+08:00"}
{"level":"info","msg":"remote service name: relation, remote method: MGetRelationFollowList\n","time":"2023-02-14T18:11:40+08:00"}
{"level":"info","msg":"client address: [::1]:40990\n","time":"2023-02-14T18:11:40+08:00"}
{"level":"info","msg":"real response: \u0026{Success:base_resp:{status_msg:\"Success\"}}\n","time":"2023-02-14T18:11:40+08:00"}
{"level":"info","msg":"real request: \u0026{Req:user_id:5}\n","time":"2023-02-14T18:11:42+08:00"}
{"level":"info","msg":"remote service name: relation, remote method: MGetUserRelationFollowerList\n","time":"2023-02-14T18:11:42+08:00"}
{"level":"info","msg":"client address: [::1]:40990\n","time":"2023-02-14T18:11:42+08:00"}
{"level":"info","msg":"real response: \u0026{Success:base_resp:{status_msg:\"Success\"}}\n","time":"2023-02-14T18:11:42+08:00"}
{"level":"info","msg":"real request: \u0026{Req:user_id:5}\n","time":"2023-02-14T18:11:46+08:00"}
{"level":"info","msg":"remote service name: relation, remote method: MGetRelationFollowList\n","time":"2023-02-14T18:11:46+08:00"}
{"level":"info","msg":"real request: \u0026{Req:user_id:5}\n","time":"2023-02-14T18:11:46+08:00"}
{"level":"info","msg":"client address: [::1]:40990\n","time":"2023-02-14T18:11:46+08:00"}
{"level":"info","msg":"remote service name: relation, remote method: MGetUserRelationFollowerList\n","time":"2023-02-14T18:11:46+08:00"}
{"level":"info","msg":"client address: [::1]:40990\n","time":"2023-02-14T18:11:46+08:00"}
{"level":"info","msg":"real response: \u0026{Success:base_resp:{status_msg:\"Success\"}}\n","time":"2023-02-14T18:11:46+08:00"}
{"level":"info","msg":"real response: \u0026{Success:base_resp:{status_msg:\"Success\"}}\n","time":"2023-02-14T18:11:46+08:00"}
{"level":"info","msg":"real request: \u0026{Req:user_id:5}\n","time":"2023-02-14T18:11:46+08:00"}
{"level":"info","msg":"remote service name: relation, remote method: MGetRelationFollowList\n","time":"2023-02-14T18:11:46+08:00"}
{"level":"info","msg":"client address: [::1]:40990\n","time":"2023-02-14T18:11:46+08:00"}
{"level":"info","msg":"real response: \u0026{Success:base_resp:{status_msg:\"Success\"}}\n","time":"2023-02-14T18:11:46+08:00"}
{"level":"info","msg":"real request: \u0026{Req:user_id:5}\n","time":"2023-02-14T18:11:50+08:00"}
{"level":"info","msg":"remote service name: relation, remote method: MGetRelationFollowList\n","time":"2023-02-14T18:11:50+08:00"}
{"level":"info","msg":"client address: [::1]:40990\n","time":"2023-02-14T18:11:50+08:00"}
{"level":"info","msg":"real request: \u0026{Req:user_id:5}\n","time":"2023-02-14T18:11:50+08:00"}
{"level":"info","msg":"remote service name: relation, remote method: MGetUserRelationFollowerList\n","time":"2023-02-14T18:11:50+08:00"}
{"level":"info","msg":"client address: [::1]:40990\n","time":"2023-02-14T18:11:50+08:00"}
{"level":"info","msg":"real response: \u0026{Success:base_resp:{status_msg:\"Success\"}}\n","time":"2023-02-14T18:11:50+08:00"}
{"level":"info","msg":"real response: \u0026{Success:base_resp:{status_msg:\"Success\"}}\n","time":"2023-02-14T18:11:50+08:00"}
{"level":"info","msg":"real request: \u0026{Req:user_id:5}\n","time":"2023-02-14T18:11:50+08:00"}
{"level":"info","msg":"remote service name: relation, remote method: MGetRelationFollowList\n","time":"2023-02-14T18:11:50+08:00"}
{"level":"info","msg":"client address: [::1]:40990\n","time":"2023-02-14T18:11:50+08:00"}
{"level":"info","msg":"real response: \u0026{Success:base_resp:{status_msg:\"Success\"}}\n","time":"2023-02-14T18:11:50+08:00"}
{"level":"info","msg":"real request: \u0026{Req:user_id:5}\n","time":"2023-02-14T18:11:50+08:00"}
{"level":"info","msg":"remote service name: relation, remote method: MGetUserRelationFollowerList\n","time":"2023-02-14T18:11:50+08:00"}
{"level":"info","msg":"client address: [::1]:40990\n","time":"2023-02-14T18:11:50+08:00"}
{"level":"info","msg":"real request: \u0026{Req:user_id:5}\n","time":"2023-02-14T18:11:50+08:00"}
{"level":"info","msg":"remote service name: relation, remote method: MGetRelationFollowList\n","time":"2023-02-14T18:11:50+08:00"}
{"level":"info","msg":"client address: [::1]:40990\n","time":"2023-02-14T18:11:50+08:00"}
{"level":"info","msg":"real response: \u0026{Success:base_resp:{status_msg:\"Success\"}}\n","time":"2023-02-14T18:11:50+08:00"}
{"level":"info","msg":"real response: \u0026{Success:base_resp:{status_msg:\"Success\"}}\n","time":"2023-02-14T18:11:50+08:00"}
{"level":"info","msg":"real request: \u0026{Req:user_id:5}\n","time":"2023-02-14T18:11:50+08:00"}
{"level":"info","msg":"remote service name: relation, remote method: MGetRelationFollowList\n","time":"2023-02-14T18:11:50+08:00"}
{"level":"info","msg":"client address: [::1]:40990\n","time":"2023-02-14T18:11:50+08:00"}
{"level":"info","msg":"real response: \u0026{Success:base_resp:{status_msg:\"Success\"}}\n","time":"2023-02-14T18:11:50+08:00"}
{"level":"warning","msg":"KITEX: signal connection closing error:protobuf just support 'framed' trans proto[::]:9001=\u003e[::1]:40990","time":"2023-02-14T18:21:53+08:00"}
{"level":"info","msg":"KITEX: server listen at addr=[::]:9001","time":"2023-02-14T18:21:58+08:00"}
{"level":"info","msg":"start keepalive lease 694d864f29f136ec for etcd registry","time":"2023-02-14T18:21:59+08:00"}
{"level":"info","msg":"real request: \u0026{Req:user_id:3 to_user_id:3}\n","time":"2023-02-14T18:22:12+08:00"}
{"level":"info","msg":"remote service name: relation, remote method: QueryRelation\n","time":"2023-02-14T18:22:12+08:00"}
{"level":"info","msg":"client address: [::1]:41638\n","time":"2023-02-14T18:22:12+08:00"}
{"level":"info","msg":"real response: \u0026{Success:base_resp:{status_msg:\"Success\"} is_follow:true}\n","time":"2023-02-14T18:22:12+08:00"}
{"level":"warning","msg":"KITEX: signal connection closing error:protobuf just support 'framed' trans proto[::]:9001=\u003e[::1]:41638","time":"2023-02-14T18:24:21+08:00"}
{"level":"info","msg":"KITEX: server listen at addr=[::]:9001","time":"2023-02-14T18:24:26+08:00"}
{"level":"info","msg":"start keepalive lease 694d864f29f136fb for etcd registry","time":"2023-02-14T18:24:27+08:00"}
{"level":"info","msg":"real request: \u0026{Req:user_id:3  to_user_id:3}\n","time":"2023-02-14T18:24:35+08:00"}
{"level":"info","msg":"remote service name: relation, remote method: QueryRelation\n","time":"2023-02-14T18:24:35+08:00"}
{"level":"info","msg":"client address: [::1]:44222\n","time":"2023-02-14T18:24:35+08:00"}
{"level":"info","msg":"real response: \u0026{Success:base_resp:{status_msg:\"Success\"}  is_follow:true}\n","time":"2023-02-14T18:24:35+08:00"}
{"level":"warning","msg":"KITEX: signal connection closing error:protobuf just support 'framed' trans proto[::]:9001=\u003e[::1]:44222","time":"2023-02-14T18:25:31+08:00"}
{"level":"info","msg":"KITEX: server listen at addr=[::]:9001","time":"2023-02-14T18:25:35+08:00"}
{"level":"info","msg":"start keepalive lease 694d864f29f13708 for etcd registry","time":"2023-02-14T18:25:36+08:00"}
{"level":"info","msg":"real request: \u0026{Req:user_id:3 to_user_id:3}\n","time":"2023-02-14T18:25:47+08:00"}
{"level":"info","msg":"remote service name: relation, remote method: QueryRelation\n","time":"2023-02-14T18:25:47+08:00"}
{"level":"info","msg":"client address: [::1]:60108\n","time":"2023-02-14T18:25:47+08:00"}
{"level":"info","msg":"real response: \u0026{Success:base_resp:{status_msg:\"Success\"}}\n","time":"2023-02-14T18:25:47+08:00"}
{"level":"warning","msg":"KITEX: signal connection closing error:protobuf just support 'framed' trans proto[::]:9001=\u003e[::1]:60108","time":"2023-02-14T18:29:36+08:00"}
{"level":"info","msg":"KITEX: server listen at addr=[::]:9001","time":"2023-02-14T18:29:40+08:00"}
{"level":"info","msg":"start keepalive lease 694d864f29f13715 for etcd registry","time":"2023-02-14T18:29:41+08:00"}
{"level":"info","msg":"real request: \u0026{Req:user_id:3 to_user_id:3}\n","time":"2023-02-14T18:29:47+08:00"}
{"level":"info","msg":"remote service name: relation, remote method: QueryRelation\n","time":"2023-02-14T18:29:47+08:00"}
{"level":"info","msg":"client address: [::1]:57818\n","time":"2023-02-14T18:29:47+08:00"}
{"level":"info","msg":"real response: \u0026{Success:base_resp:{status_msg:\"Success\"} is_follow:true}\n","time":"2023-02-14T18:29:47+08:00"}
{"level":"warning","msg":"KITEX: signal connection closing error:protobuf just support 'framed' trans proto[::]:9001=\u003e[::1]:57818","time":"2023-02-14T18:30:11+08:00"}
{"level":"info","msg":"KITEX: server listen at addr=[::]:9001","time":"2023-02-14T18:30:17+08:00"}
{"level":"info","msg":"start keepalive lease 694d864f29f13722 for etcd registry","time":"2023-02-14T18:30:18+08:00"}
{"level":"info","msg":"real request: \u0026{Req:user_id:3 to_user_id:3}\n","time":"2023-02-14T18:30:29+08:00"}
{"level":"info","msg":"remote service name: relation, remote method: QueryRelation\n","time":"2023-02-14T18:30:29+08:00"}
{"level":"info","msg":"client address: [::1]:47580\n","time":"2023-02-14T18:30:29+08:00"}
{"level":"info","msg":"real response: \u0026{Success:base_resp:{status_msg:\"Success\"}}\n","time":"2023-02-14T18:30:29+08:00"}
