{"level":"info","msg":"KITEX: server listen at addr=[::]:13123","time":"2023-02-21T11:18:15+08:00"}
{"level":"info","msg":"start keepalive lease 694d8671da73973e for etcd registry","time":"2023-02-21T11:18:16+08:00"}
{"level":"info","msg":"real request: \u0026{Req:username:\"jacob1\" password:\"jacob1\"}\n","time":"2023-02-21T11:18:47+08:00"}
{"level":"info","msg":"remote service name: user, remote method: Register\n","time":"2023-02-21T11:18:47+08:00"}
{"level":"info","msg":"client address: [::1]:48738\n","time":"2023-02-21T11:18:47+08:00"}
{"level":"info","msg":"real response: \u0026{Success:base_resp:{status_msg:\"Success\"} user_id:9}\n","time":"2023-02-21T11:18:47+08:00"}
{"level":"info","msg":"real request: \u0026{Req:user_id:9}\n","time":"2023-02-21T11:18:48+08:00"}
{"level":"info","msg":"remote service name: user, remote method: GetUserInfo\n","time":"2023-02-21T11:18:48+08:00"}
{"level":"info","msg":"client address: [::1]:48738\n","time":"2023-02-21T11:18:48+08:00"}
{"level":"info","msg":"real response: \u0026{Success:base_resp:{status_msg:\"Success\"} user:{id:9 name:\"jacob1\"}}\n","time":"2023-02-21T11:18:48+08:00"}
{"level":"info","msg":"real request: \u0026{Req:user_id:9}\n","time":"2023-02-21T11:19:14+08:00"}
{"level":"info","msg":"remote service name: user, remote method: GetUserInfo\n","time":"2023-02-21T11:19:14+08:00"}
{"level":"info","msg":"client address: [::1]:60026\n","time":"2023-02-21T11:19:14+08:00"}
{"level":"info","msg":"real response: \u0026{Success:base_resp:{status_msg:\"Success\"} user:{id:9 name:\"jacob1\"}}\n","time":"2023-02-21T11:19:14+08:00"}
{"level":"info","msg":"real request: \u0026{Req:user_id:9}\n","time":"2023-02-21T11:22:36+08:00"}
{"level":"info","msg":"remote service name: user, remote method: GetUserInfo\n","time":"2023-02-21T11:22:36+08:00"}
{"level":"info","msg":"client address: [::1]:34658\n","time":"2023-02-21T11:22:36+08:00"}
{"level":"info","msg":"real response: \u0026{Success:base_resp:{status_msg:\"Success\"} user:{id:9 name:\"jacob1\"}}\n","time":"2023-02-21T11:22:36+08:00"}
{"level":"info","msg":"real request: \u0026{Req:user_id:9}\n","time":"2023-02-21T11:22:48+08:00"}
{"level":"info","msg":"remote service name: user, remote method: GetUserInfo\n","time":"2023-02-21T11:22:48+08:00"}
{"level":"info","msg":"client address: [::1]:34658\n","time":"2023-02-21T11:22:48+08:00"}
{"level":"info","msg":"real response: \u0026{Success:base_resp:{status_msg:\"Success\"} user:{id:9 name:\"jacob1\"}}\n","time":"2023-02-21T11:22:48+08:00"}
{"level":"info","msg":"real request: \u0026{Req:user_id:9}\n","time":"2023-02-21T11:22:48+08:00"}
{"level":"info","msg":"remote service name: user, remote method: GetUserInfo\n","time":"2023-02-21T11:22:48+08:00"}
{"level":"info","msg":"client address: [::1]:34658\n","time":"2023-02-21T11:22:48+08:00"}
{"level":"info","msg":"real response: \u0026{Success:base_resp:{status_msg:\"Success\"} user:{id:9 name:\"jacob1\"}}\n","time":"2023-02-21T11:22:48+08:00"}
{"level":"info","msg":"real request: \u0026{Req:user_id:9}\n","time":"2023-02-21T11:26:24+08:00"}
{"level":"info","msg":"remote service name: user, remote method: GetUserInfo\n","time":"2023-02-21T11:26:24+08:00"}
{"level":"info","msg":"client address: [::1]:34658\n","time":"2023-02-21T11:26:24+08:00"}
{"level":"info","msg":"real response: \u0026{Success:base_resp:{status_msg:\"Success\"} user:{id:9 name:\"jacob1\"}}\n","time":"2023-02-21T11:26:24+08:00"}
{"level":"info","msg":"real request: \u0026{Req:user_id:9}\n","time":"2023-02-21T11:26:24+08:00"}
{"level":"info","msg":"remote service name: user, remote method: GetUserInfo\n","time":"2023-02-21T11:26:24+08:00"}
{"level":"info","msg":"client address: [::1]:34658\n","time":"2023-02-21T11:26:24+08:00"}
{"level":"info","msg":"real response: \u0026{Success:base_resp:{status_msg:\"Success\"} user:{id:9 name:\"jacob1\"}}\n","time":"2023-02-21T11:26:24+08:00"}
{"level":"info","msg":"real request: \u0026{Req:user_id:9}\n","time":"2023-02-21T11:26:28+08:00"}
{"level":"info","msg":"remote service name: user, remote method: GetUserInfo\n","time":"2023-02-21T11:26:28+08:00"}
{"level":"info","msg":"client address: [::1]:34658\n","time":"2023-02-21T11:26:28+08:00"}
{"level":"info","msg":"real response: \u0026{Success:base_resp:{status_msg:\"Success\"} user:{id:9 name:\"jacob1\"}}\n","time":"2023-02-21T11:26:28+08:00"}
{"level":"info","msg":"real request: \u0026{Req:user_id:9}\n","time":"2023-02-21T11:26:28+08:00"}
{"level":"info","msg":"remote service name: user, remote method: GetUserInfo\n","time":"2023-02-21T11:26:28+08:00"}
{"level":"info","msg":"client address: [::1]:34658\n","time":"2023-02-21T11:26:28+08:00"}
{"level":"info","msg":"real response: \u0026{Success:base_resp:{status_msg:\"Success\"} user:{id:9 name:\"jacob1\"}}\n","time":"2023-02-21T11:26:28+08:00"}
{"level":"info","msg":"real request: \u0026{Req:user_id:9}\n","time":"2023-02-21T11:26:31+08:00"}
{"level":"info","msg":"remote service name: user, remote method: GetUserInfo\n","time":"2023-02-21T11:26:31+08:00"}
{"level":"info","msg":"client address: [::1]:34658\n","time":"2023-02-21T11:26:31+08:00"}
{"level":"info","msg":"real response: \u0026{Success:base_resp:{status_msg:\"Success\"} user:{id:9 name:\"jacob1\"}}\n","time":"2023-02-21T11:26:31+08:00"}
{"level":"info","msg":"real request: \u0026{Req:user_id:9}\n","time":"2023-02-21T11:26:31+08:00"}
{"level":"info","msg":"remote service name: user, remote method: GetUserInfo\n","time":"2023-02-21T11:26:31+08:00"}
{"level":"info","msg":"client address: [::1]:34658\n","time":"2023-02-21T11:26:31+08:00"}
{"level":"info","msg":"real response: \u0026{Success:base_resp:{status_msg:\"Success\"} user:{id:9 name:\"jacob1\"}}\n","time":"2023-02-21T11:26:31+08:00"}
{"level":"info","msg":"real request: \u0026{Req:user_id:9}\n","time":"2023-02-21T11:26:31+08:00"}
{"level":"info","msg":"remote service name: user, remote method: GetUserInfo\n","time":"2023-02-21T11:26:31+08:00"}
{"level":"info","msg":"client address: [::1]:34658\n","time":"2023-02-21T11:26:31+08:00"}
{"level":"info","msg":"real response: \u0026{Success:base_resp:{status_msg:\"Success\"} user:{id:9 name:\"jacob1\"}}\n","time":"2023-02-21T11:26:31+08:00"}
{"level":"info","msg":"real request: \u0026{Req:user_id:9}\n","time":"2023-02-21T11:26:31+08:00"}
{"level":"info","msg":"remote service name: user, remote method: GetUserInfo\n","time":"2023-02-21T11:26:31+08:00"}
{"level":"info","msg":"client address: [::1]:34658\n","time":"2023-02-21T11:26:31+08:00"}
{"level":"info","msg":"real response: \u0026{Success:base_resp:{status_msg:\"Success\"} user:{id:9 name:\"jacob1\"}}\n","time":"2023-02-21T11:26:31+08:00"}
{"level":"info","msg":"real request: \u0026{Req:username:\"jacob2\" password:\"jacob2\"}\n","time":"2023-02-21T11:26:38+08:00"}
{"level":"info","msg":"remote service name: user, remote method: Register\n","time":"2023-02-21T11:26:38+08:00"}
{"level":"info","msg":"client address: [::1]:48738\n","time":"2023-02-21T11:26:38+08:00"}
{"level":"info","msg":"real response: \u0026{Success:base_resp:{status_msg:\"Success\"} user_id:10}\n","time":"2023-02-21T11:26:38+08:00"}
{"level":"info","msg":"real request: \u0026{Req:user_id:10}\n","time":"2023-02-21T11:26:39+08:00"}
{"level":"info","msg":"remote service name: user, remote method: GetUserInfo\n","time":"2023-02-21T11:26:39+08:00"}
{"level":"info","msg":"client address: [::1]:48738\n","time":"2023-02-21T11:26:39+08:00"}
{"level":"info","msg":"real response: \u0026{Success:base_resp:{status_msg:\"Success\"} user:{id:10 name:\"jacob2\"}}\n","time":"2023-02-21T11:26:39+08:00"}
{"level":"info","msg":"real request: \u0026{Req:user_id:10}\n","time":"2023-02-21T11:26:56+08:00"}
{"level":"info","msg":"remote service name: user, remote method: GetUserInfo\n","time":"2023-02-21T11:26:56+08:00"}
{"level":"info","msg":"client address: [::1]:34658\n","time":"2023-02-21T11:26:56+08:00"}
{"level":"info","msg":"real response: \u0026{Success:base_resp:{status_msg:\"Success\"} user:{id:10 name:\"jacob2\"}}\n","time":"2023-02-21T11:26:56+08:00"}
{"level":"info","msg":"real request: \u0026{Req:user_id:10}\n","time":"2023-02-21T11:26:56+08:00"}
{"level":"info","msg":"remote service name: user, remote method: GetUserInfo\n","time":"2023-02-21T11:26:56+08:00"}
{"level":"info","msg":"client address: [::1]:34658\n","time":"2023-02-21T11:26:56+08:00"}
{"level":"info","msg":"real response: \u0026{Success:base_resp:{status_msg:\"Success\"} user:{id:10 name:\"jacob2\"}}\n","time":"2023-02-21T11:26:56+08:00"}
{"level":"info","msg":"real request: \u0026{Req:user_id:9}\n","time":"2023-02-21T11:26:56+08:00"}
{"level":"info","msg":"remote service name: user, remote method: GetUserInfo\n","time":"2023-02-21T11:26:56+08:00"}
{"level":"info","msg":"client address: [::1]:34658\n","time":"2023-02-21T11:26:56+08:00"}
{"level":"info","msg":"real response: \u0026{Success:base_resp:{status_msg:\"Success\"} user:{id:9 name:\"jacob1\"}}\n","time":"2023-02-21T11:26:56+08:00"}
{"level":"info","msg":"real request: \u0026{Req:user_id:9}\n","time":"2023-02-21T11:26:56+08:00"}
{"level":"info","msg":"remote service name: user, remote method: GetUserInfo\n","time":"2023-02-21T11:26:56+08:00"}
{"level":"info","msg":"client address: [::1]:34658\n","time":"2023-02-21T11:26:56+08:00"}
{"level":"info","msg":"real response: \u0026{Success:base_resp:{status_msg:\"Success\"} user:{id:9 name:\"jacob1\"}}\n","time":"2023-02-21T11:26:56+08:00"}
{"level":"info","msg":"real request: \u0026{Req:user_id:10}\n","time":"2023-02-21T11:26:57+08:00"}
{"level":"info","msg":"remote service name: user, remote method: GetUserInfo\n","time":"2023-02-21T11:26:57+08:00"}
{"level":"info","msg":"client address: [::1]:34658\n","time":"2023-02-21T11:26:57+08:00"}
{"level":"info","msg":"real response: \u0026{Success:base_resp:{status_msg:\"Success\"} user:{id:10 name:\"jacob2\"}}\n","time":"2023-02-21T11:26:57+08:00"}
{"level":"info","msg":"real request: \u0026{Req:user_id:10}\n","time":"2023-02-21T11:26:58+08:00"}
{"level":"info","msg":"remote service name: user, remote method: GetUserInfo\n","time":"2023-02-21T11:26:58+08:00"}
{"level":"info","msg":"client address: [::1]:34658\n","time":"2023-02-21T11:26:58+08:00"}
{"level":"info","msg":"real response: \u0026{Success:base_resp:{status_msg:\"Success\"} user:{id:10 name:\"jacob2\"}}\n","time":"2023-02-21T11:26:58+08:00"}
{"level":"info","msg":"real request: \u0026{Req:user_id:10}\n","time":"2023-02-21T11:26:59+08:00"}
{"level":"info","msg":"remote service name: user, remote method: GetUserInfo\n","time":"2023-02-21T11:26:59+08:00"}
{"level":"info","msg":"client address: [::1]:34658\n","time":"2023-02-21T11:26:59+08:00"}
{"level":"info","msg":"real request: \u0026{Req:user_id:10}\n","time":"2023-02-21T11:26:59+08:00"}
{"level":"info","msg":"remote service name: user, remote method: GetUserInfo\n","time":"2023-02-21T11:26:59+08:00"}
{"level":"info","msg":"client address: [::1]:34658\n","time":"2023-02-21T11:26:59+08:00"}
{"level":"info","msg":"real response: \u0026{Success:base_resp:{status_msg:\"Success\"} user:{id:10 name:\"jacob2\"}}\n","time":"2023-02-21T11:26:59+08:00"}
{"level":"info","msg":"real response: \u0026{Success:base_resp:{status_msg:\"Success\"} user:{id:10 name:\"jacob2\"}}\n","time":"2023-02-21T11:26:59+08:00"}
{"level":"info","msg":"real request: \u0026{Req:user_id:9}\n","time":"2023-02-21T11:26:59+08:00"}
{"level":"info","msg":"remote service name: user, remote method: GetUserInfo\n","time":"2023-02-21T11:26:59+08:00"}
{"level":"info","msg":"client address: [::1]:34658\n","time":"2023-02-21T11:26:59+08:00"}
{"level":"info","msg":"real response: \u0026{Success:base_resp:{status_msg:\"Success\"} user:{id:9 name:\"jacob1\"}}\n","time":"2023-02-21T11:26:59+08:00"}
{"level":"info","msg":"real request: \u0026{Req:user_id:9}\n","time":"2023-02-21T11:26:59+08:00"}
{"level":"info","msg":"remote service name: user, remote method: GetUserInfo\n","time":"2023-02-21T11:26:59+08:00"}
{"level":"info","msg":"client address: [::1]:34658\n","time":"2023-02-21T11:26:59+08:00"}
{"level":"info","msg":"real response: \u0026{Success:base_resp:{status_msg:\"Success\"} user:{id:9 name:\"jacob1\"}}\n","time":"2023-02-21T11:26:59+08:00"}
{"level":"info","msg":"real request: \u0026{Req:user_id:10}\n","time":"2023-02-21T11:27:01+08:00"}
{"level":"info","msg":"remote service name: user, remote method: GetUserInfo\n","time":"2023-02-21T11:27:01+08:00"}
{"level":"info","msg":"client address: [::1]:34658\n","time":"2023-02-21T11:27:01+08:00"}
{"level":"info","msg":"real response: \u0026{Success:base_resp:{status_msg:\"Success\"} user:{id:10 name:\"jacob2\"}}\n","time":"2023-02-21T11:27:01+08:00"}
{"level":"info","msg":"real request: \u0026{Req:user_id:10 to_user_id:9 is_follow:true}\n","time":"2023-02-21T11:27:16+08:00"}
{"level":"info","msg":"remote service name: user, remote method: ChangeUserFollowCount\n","time":"2023-02-21T11:27:16+08:00"}
{"level":"info","msg":"client address: [::1]:32940\n","time":"2023-02-21T11:27:16+08:00"}
{"level":"info","msg":"real response: \u0026{Success:status_msg:\"Success\"}\n","time":"2023-02-21T11:27:16+08:00"}
{"level":"info","msg":"real request: \u0026{Req:user_id:10}\n","time":"2023-02-21T11:27:19+08:00"}
{"level":"info","msg":"remote service name: user, remote method: GetUserInfo\n","time":"2023-02-21T11:27:19+08:00"}
{"level":"info","msg":"client address: [::1]:34658\n","time":"2023-02-21T11:27:19+08:00"}
{"level":"info","msg":"real response: \u0026{Success:base_resp:{status_msg:\"Success\"} user:{id:10 name:\"jacob2\" follow_count:1}}\n","time":"2023-02-21T11:27:19+08:00"}
{"level":"info","msg":"real request: \u0026{Req:user_id:10}\n","time":"2023-02-21T11:27:26+08:00"}
{"level":"info","msg":"remote service name: user, remote method: GetUserInfo\n","time":"2023-02-21T11:27:26+08:00"}
{"level":"info","msg":"client address: [::1]:34658\n","time":"2023-02-21T11:27:26+08:00"}
{"level":"info","msg":"real response: \u0026{Success:base_resp:{status_msg:\"Success\"} user:{id:10 name:\"jacob2\" follow_count:1}}\n","time":"2023-02-21T11:27:26+08:00"}
{"level":"info","msg":"real request: \u0026{Req:user_id:10}\n","time":"2023-02-21T11:27:35+08:00"}
{"level":"info","msg":"remote service name: user, remote method: GetUserInfo\n","time":"2023-02-21T11:27:35+08:00"}
{"level":"info","msg":"client address: [::1]:34658\n","time":"2023-02-21T11:27:35+08:00"}
{"level":"info","msg":"real response: \u0026{Success:base_resp:{status_msg:\"Success\"} user:{id:10 name:\"jacob2\" follow_count:1}}\n","time":"2023-02-21T11:27:35+08:00"}
{"level":"info","msg":"real request: \u0026{Req:user_id:10}\n","time":"2023-02-21T11:27:42+08:00"}
{"level":"info","msg":"remote service name: user, remote method: GetUserInfo\n","time":"2023-02-21T11:27:42+08:00"}
{"level":"info","msg":"client address: [::1]:34658\n","time":"2023-02-21T11:27:42+08:00"}
{"level":"info","msg":"real response: \u0026{Success:base_resp:{status_msg:\"Success\"} user:{id:10 name:\"jacob2\" follow_count:1}}\n","time":"2023-02-21T11:27:42+08:00"}
{"level":"info","msg":"real request: \u0026{Req:user_id:9}\n","time":"2023-02-21T11:27:42+08:00"}
{"level":"info","msg":"remote service name: user, remote method: GetUserInfo\n","time":"2023-02-21T11:27:42+08:00"}
{"level":"info","msg":"client address: [::1]:34658\n","time":"2023-02-21T11:27:42+08:00"}
{"level":"info","msg":"real response: \u0026{Success:base_resp:{status_msg:\"Success\"} user:{id:9 name:\"jacob1\" follower_count:1}}\n","time":"2023-02-21T11:27:42+08:00"}
{"level":"info","msg":"real request: \u0026{Req:user_id:9}\n","time":"2023-02-21T11:27:42+08:00"}
{"level":"info","msg":"remote service name: user, remote method: GetUserInfo\n","time":"2023-02-21T11:27:42+08:00"}
{"level":"info","msg":"client address: [::1]:34658\n","time":"2023-02-21T11:27:42+08:00"}
{"level":"info","msg":"real response: \u0026{Success:base_resp:{status_msg:\"Success\"} user:{id:9 name:\"jacob1\" follower_count:1}}\n","time":"2023-02-21T11:27:42+08:00"}
{"level":"info","msg":"real request: \u0026{Req:user_id:10}\n","time":"2023-02-21T11:27:42+08:00"}
{"level":"info","msg":"remote service name: user, remote method: GetUserInfo\n","time":"2023-02-21T11:27:42+08:00"}
{"level":"info","msg":"client address: [::1]:34658\n","time":"2023-02-21T11:27:42+08:00"}
{"level":"info","msg":"real request: \u0026{Req:user_id:10}\n","time":"2023-02-21T11:27:42+08:00"}
{"level":"info","msg":"remote service name: user, remote method: GetUserInfo\n","time":"2023-02-21T11:27:42+08:00"}
{"level":"info","msg":"client address: [::1]:34658\n","time":"2023-02-21T11:27:42+08:00"}
{"level":"info","msg":"real response: \u0026{Success:base_resp:{status_msg:\"Success\"} user:{id:10 name:\"jacob2\" follow_count:1}}\n","time":"2023-02-21T11:27:42+08:00"}
{"level":"info","msg":"real response: \u0026{Success:base_resp:{status_msg:\"Success\"} user:{id:10 name:\"jacob2\" follow_count:1}}\n","time":"2023-02-21T11:27:42+08:00"}
{"level":"info","msg":"real request: \u0026{Req:user_id:10}\n","time":"2023-02-21T11:27:42+08:00"}
{"level":"info","msg":"remote service name: user, remote method: GetUserInfo\n","time":"2023-02-21T11:27:42+08:00"}
{"level":"info","msg":"client address: [::1]:34658\n","time":"2023-02-21T11:27:42+08:00"}
{"level":"info","msg":"real response: \u0026{Success:base_resp:{status_msg:\"Success\"} user:{id:10 name:\"jacob2\" follow_count:1}}\n","time":"2023-02-21T11:27:42+08:00"}
{"level":"info","msg":"real request: \u0026{Req:user_id:9}\n","time":"2023-02-21T11:27:42+08:00"}
{"level":"info","msg":"remote service name: user, remote method: GetUserInfo\n","time":"2023-02-21T11:27:42+08:00"}
{"level":"info","msg":"client address: [::1]:34658\n","time":"2023-02-21T11:27:42+08:00"}
{"level":"info","msg":"real response: \u0026{Success:base_resp:{status_msg:\"Success\"} user:{id:9 name:\"jacob1\" follower_count:1}}\n","time":"2023-02-21T11:27:42+08:00"}
{"level":"info","msg":"real request: \u0026{Req:user_id:9}\n","time":"2023-02-21T11:27:42+08:00"}
{"level":"info","msg":"remote service name: user, remote method: GetUserInfo\n","time":"2023-02-21T11:27:42+08:00"}
{"level":"info","msg":"client address: [::1]:34658\n","time":"2023-02-21T11:27:42+08:00"}
{"level":"info","msg":"real response: \u0026{Success:base_resp:{status_msg:\"Success\"} user:{id:9 name:\"jacob1\" follower_count:1}}\n","time":"2023-02-21T11:27:42+08:00"}
{"level":"warning","msg":"KITEX: signal connection closing error:protobuf just support 'framed' trans proto[::]:13123=\u003e[::1]:32940","time":"2023-02-21T11:50:31+08:00"}
{"level":"info","msg":"KITEX: server listen at addr=[::]:13123","time":"2023-02-21T13:06:04+08:00"}
{"level":"info","msg":"start keepalive lease 694d86724519da07 for etcd registry","time":"2023-02-21T13:06:05+08:00"}
{"level":"info","msg":"KITEX: server listen at addr=[::]:13123","time":"2023-02-21T13:08:05+08:00"}
{"level":"info","msg":"start keepalive lease 694d86724519da0e for etcd registry","time":"2023-02-21T13:08:06+08:00"}
{"level":"info","msg":"real request: \u0026{Req:username:\"jacob21\" password:\"jacob21\"}\n","time":"2023-02-21T13:08:38+08:00"}
{"level":"info","msg":"remote service name: user, remote method: Register\n","time":"2023-02-21T13:08:38+08:00"}
{"level":"info","msg":"client address: [::1]:49010\n","time":"2023-02-21T13:08:38+08:00"}
{"level":"info","msg":"real response: \u0026{Success:base_resp:{status_msg:\"Success\"} user_id:1}\n","time":"2023-02-21T13:08:38+08:00"}
{"level":"info","msg":"real request: \u0026{Req:user_id:1}\n","time":"2023-02-21T13:08:39+08:00"}
{"level":"info","msg":"remote service name: user, remote method: GetUserInfo\n","time":"2023-02-21T13:08:39+08:00"}
{"level":"info","msg":"client address: [::1]:49010\n","time":"2023-02-21T13:08:39+08:00"}
{"level":"info","msg":"real response: \u0026{Success:base_resp:{status_msg:\"Success\"} user:{id:1 name:\"jacob21\"}}\n","time":"2023-02-21T13:08:39+08:00"}
{"level":"info","msg":"real request: \u0026{Req:user_id:1}\n","time":"2023-02-21T13:09:00+08:00"}
{"level":"info","msg":"remote service name: user, remote method: GetUserInfo\n","time":"2023-02-21T13:09:00+08:00"}
{"level":"info","msg":"client address: [::1]:53174\n","time":"2023-02-21T13:09:00+08:00"}
{"level":"info","msg":"real response: \u0026{Success:base_resp:{status_msg:\"Success\"} user:{id:1 name:\"jacob21\"}}\n","time":"2023-02-21T13:09:00+08:00"}
{"level":"info","msg":"real request: \u0026{Req:user_id:1}\n","time":"2023-02-21T13:09:08+08:00"}
{"level":"info","msg":"remote service name: user, remote method: GetUserInfo\n","time":"2023-02-21T13:09:08+08:00"}
{"level":"info","msg":"client address: [::1]:53174\n","time":"2023-02-21T13:09:08+08:00"}
{"level":"info","msg":"real response: \u0026{Success:base_resp:{status_msg:\"Success\"} user:{id:1 name:\"jacob21\"}}\n","time":"2023-02-21T13:09:08+08:00"}
{"level":"info","msg":"real request: \u0026{Req:user_id:1}\n","time":"2023-02-21T13:09:08+08:00"}
{"level":"info","msg":"remote service name: user, remote method: GetUserInfo\n","time":"2023-02-21T13:09:08+08:00"}
{"level":"info","msg":"client address: [::1]:53174\n","time":"2023-02-21T13:09:08+08:00"}
{"level":"info","msg":"real request: \u0026{Req:user_id:1}\n","time":"2023-02-21T13:09:08+08:00"}
{"level":"info","msg":"remote service name: user, remote method: GetUserInfo\n","time":"2023-02-21T13:09:08+08:00"}
{"level":"info","msg":"client address: [::1]:53174\n","time":"2023-02-21T13:09:08+08:00"}
{"level":"info","msg":"real response: \u0026{Success:base_resp:{status_msg:\"Success\"} user:{id:1 name:\"jacob21\"}}\n","time":"2023-02-21T13:09:08+08:00"}
{"level":"info","msg":"real response: \u0026{Success:base_resp:{status_msg:\"Success\"} user:{id:1 name:\"jacob21\"}}\n","time":"2023-02-21T13:09:08+08:00"}
{"level":"info","msg":"real request: \u0026{Req:user_id:1}\n","time":"2023-02-21T13:09:08+08:00"}
{"level":"info","msg":"remote service name: user, remote method: GetUserInfo\n","time":"2023-02-21T13:09:08+08:00"}
{"level":"info","msg":"client address: [::1]:53174\n","time":"2023-02-21T13:09:08+08:00"}
{"level":"info","msg":"real response: \u0026{Success:base_resp:{status_msg:\"Success\"} user:{id:1 name:\"jacob21\"}}\n","time":"2023-02-21T13:09:08+08:00"}
{"level":"info","msg":"real request: \u0026{Req:user_id:1}\n","time":"2023-02-21T13:09:08+08:00"}
{"level":"info","msg":"remote service name: user, remote method: GetUserInfo\n","time":"2023-02-21T13:09:08+08:00"}
{"level":"info","msg":"client address: [::1]:53174\n","time":"2023-02-21T13:09:08+08:00"}
{"level":"info","msg":"real response: \u0026{Success:base_resp:{status_msg:\"Success\"} user:{id:1 name:\"jacob21\"}}\n","time":"2023-02-21T13:09:08+08:00"}
{"level":"info","msg":"real request: \u0026{Req:user_id:1}\n","time":"2023-02-21T13:09:10+08:00"}
{"level":"info","msg":"remote service name: user, remote method: GetUserInfo\n","time":"2023-02-21T13:09:10+08:00"}
{"level":"info","msg":"client address: [::1]:53174\n","time":"2023-02-21T13:09:10+08:00"}
{"level":"info","msg":"real request: \u0026{Req:user_id:1}\n","time":"2023-02-21T13:09:10+08:00"}
{"level":"info","msg":"remote service name: user, remote method: GetUserInfo\n","time":"2023-02-21T13:09:10+08:00"}
{"level":"info","msg":"client address: [::1]:53174\n","time":"2023-02-21T13:09:10+08:00"}
{"level":"info","msg":"real response: \u0026{Success:base_resp:{status_msg:\"Success\"} user:{id:1 name:\"jacob21\"}}\n","time":"2023-02-21T13:09:10+08:00"}
{"level":"info","msg":"real response: \u0026{Success:base_resp:{status_msg:\"Success\"} user:{id:1 name:\"jacob21\"}}\n","time":"2023-02-21T13:09:10+08:00"}
{"level":"info","msg":"real request: \u0026{Req:user_id:1}\n","time":"2023-02-21T13:09:10+08:00"}
{"level":"info","msg":"remote service name: user, remote method: GetUserInfo\n","time":"2023-02-21T13:09:10+08:00"}
{"level":"info","msg":"client address: [::1]:53174\n","time":"2023-02-21T13:09:10+08:00"}
{"level":"info","msg":"real request: \u0026{Req:user_id:1}\n","time":"2023-02-21T13:09:10+08:00"}
{"level":"info","msg":"remote service name: user, remote method: GetUserInfo\n","time":"2023-02-21T13:09:10+08:00"}
{"level":"info","msg":"client address: [::1]:53174\n","time":"2023-02-21T13:09:10+08:00"}
{"level":"info","msg":"real response: \u0026{Success:base_resp:{status_msg:\"Success\"} user:{id:1 name:\"jacob21\"}}\n","time":"2023-02-21T13:09:10+08:00"}
{"level":"info","msg":"real response: \u0026{Success:base_resp:{status_msg:\"Success\"} user:{id:1 name:\"jacob21\"}}\n","time":"2023-02-21T13:09:10+08:00"}
{"level":"info","msg":"real request: \u0026{Req:user_id:1}\n","time":"2023-02-21T13:09:12+08:00"}
{"level":"info","msg":"remote service name: user, remote method: GetUserInfo\n","time":"2023-02-21T13:09:12+08:00"}
{"level":"info","msg":"client address: [::1]:53174\n","time":"2023-02-21T13:09:12+08:00"}
{"level":"info","msg":"real request: \u0026{Req:user_id:1}\n","time":"2023-02-21T13:09:12+08:00"}
{"level":"info","msg":"remote service name: user, remote method: GetUserInfo\n","time":"2023-02-21T13:09:12+08:00"}
{"level":"info","msg":"client address: [::1]:53174\n","time":"2023-02-21T13:09:12+08:00"}
{"level":"info","msg":"real response: \u0026{Success:base_resp:{status_msg:\"Success\"} user:{id:1 name:\"jacob21\"}}\n","time":"2023-02-21T13:09:12+08:00"}
{"level":"info","msg":"real response: \u0026{Success:base_resp:{status_msg:\"Success\"} user:{id:1 name:\"jacob21\"}}\n","time":"2023-02-21T13:09:12+08:00"}
{"level":"info","msg":"real request: \u0026{Req:user_id:1}\n","time":"2023-02-21T13:09:13+08:00"}
{"level":"info","msg":"remote service name: user, remote method: GetUserInfo\n","time":"2023-02-21T13:09:13+08:00"}
{"level":"info","msg":"client address: [::1]:53174\n","time":"2023-02-21T13:09:13+08:00"}
{"level":"info","msg":"real request: \u0026{Req:user_id:1}\n","time":"2023-02-21T13:09:13+08:00"}
{"level":"info","msg":"remote service name: user, remote method: GetUserInfo\n","time":"2023-02-21T13:09:13+08:00"}
{"level":"info","msg":"client address: [::1]:53174\n","time":"2023-02-21T13:09:13+08:00"}
{"level":"info","msg":"real response: \u0026{Success:base_resp:{status_msg:\"Success\"} user:{id:1 name:\"jacob21\"}}\n","time":"2023-02-21T13:09:13+08:00"}
{"level":"info","msg":"real response: \u0026{Success:base_resp:{status_msg:\"Success\"} user:{id:1 name:\"jacob21\"}}\n","time":"2023-02-21T13:09:13+08:00"}
{"level":"info","msg":"real request: \u0026{Req:user_id:1}\n","time":"2023-02-21T13:09:13+08:00"}
{"level":"info","msg":"remote service name: user, remote method: GetUserInfo\n","time":"2023-02-21T13:09:13+08:00"}
{"level":"info","msg":"client address: [::1]:53174\n","time":"2023-02-21T13:09:13+08:00"}
{"level":"info","msg":"real request: \u0026{Req:user_id:1}\n","time":"2023-02-21T13:09:13+08:00"}
{"level":"info","msg":"remote service name: user, remote method: GetUserInfo\n","time":"2023-02-21T13:09:13+08:00"}
{"level":"info","msg":"client address: [::1]:53174\n","time":"2023-02-21T13:09:13+08:00"}
{"level":"info","msg":"real response: \u0026{Success:base_resp:{status_msg:\"Success\"} user:{id:1 name:\"jacob21\"}}\n","time":"2023-02-21T13:09:13+08:00"}
{"level":"info","msg":"real response: \u0026{Success:base_resp:{status_msg:\"Success\"} user:{id:1 name:\"jacob21\"}}\n","time":"2023-02-21T13:09:13+08:00"}
{"level":"info","msg":"real request: \u0026{Req:user_id:1}\n","time":"2023-02-21T13:09:15+08:00"}
{"level":"info","msg":"remote service name: user, remote method: GetUserInfo\n","time":"2023-02-21T13:09:15+08:00"}
{"level":"info","msg":"client address: [::1]:53174\n","time":"2023-02-21T13:09:15+08:00"}
{"level":"info","msg":"real response: \u0026{Success:base_resp:{status_msg:\"Success\"} user:{id:1 name:\"jacob21\"}}\n","time":"2023-02-21T13:09:15+08:00"}
{"level":"info","msg":"real request: \u0026{Req:user_id:1}\n","time":"2023-02-21T13:09:17+08:00"}
{"level":"info","msg":"remote service name: user, remote method: GetUserInfo\n","time":"2023-02-21T13:09:17+08:00"}
{"level":"info","msg":"client address: [::1]:53174\n","time":"2023-02-21T13:09:17+08:00"}
{"level":"info","msg":"real response: \u0026{Success:base_resp:{status_msg:\"Success\"} user:{id:1 name:\"jacob21\"}}\n","time":"2023-02-21T13:09:17+08:00"}
{"level":"info","msg":"real request: \u0026{Req:user_id:1}\n","time":"2023-02-21T13:09:17+08:00"}
{"level":"info","msg":"remote service name: user, remote method: GetUserInfo\n","time":"2023-02-21T13:09:17+08:00"}
{"level":"info","msg":"client address: [::1]:53174\n","time":"2023-02-21T13:09:17+08:00"}
{"level":"info","msg":"real response: \u0026{Success:base_resp:{status_msg:\"Success\"} user:{id:1 name:\"jacob21\"}}\n","time":"2023-02-21T13:09:17+08:00"}
{"level":"info","msg":"real request: \u0026{Req:user_id:1}\n","time":"2023-02-21T13:09:18+08:00"}
{"level":"info","msg":"remote service name: user, remote method: GetUserInfo\n","time":"2023-02-21T13:09:18+08:00"}
{"level":"info","msg":"client address: [::1]:53174\n","time":"2023-02-21T13:09:18+08:00"}
{"level":"info","msg":"real response: \u0026{Success:base_resp:{status_msg:\"Success\"} user:{id:1 name:\"jacob21\"}}\n","time":"2023-02-21T13:09:18+08:00"}
{"level":"info","msg":"real request: \u0026{Req:username:\"jacob001\" password:\"jacob001\"}\n","time":"2023-02-21T13:09:28+08:00"}
{"level":"info","msg":"remote service name: user, remote method: Register\n","time":"2023-02-21T13:09:28+08:00"}
{"level":"info","msg":"client address: [::1]:49010\n","time":"2023-02-21T13:09:28+08:00"}
{"level":"info","msg":"real response: \u0026{Success:base_resp:{status_msg:\"Success\"} user_id:2}\n","time":"2023-02-21T13:09:28+08:00"}
{"level":"info","msg":"real request: \u0026{Req:user_id:2}\n","time":"2023-02-21T13:09:29+08:00"}
{"level":"info","msg":"remote service name: user, remote method: GetUserInfo\n","time":"2023-02-21T13:09:29+08:00"}
{"level":"info","msg":"client address: [::1]:49010\n","time":"2023-02-21T13:09:29+08:00"}
{"level":"info","msg":"real response: \u0026{Success:base_resp:{status_msg:\"Success\"} user:{id:2 name:\"jacob001\"}}\n","time":"2023-02-21T13:09:29+08:00"}
{"level":"info","msg":"real request: \u0026{Req:user_id:2}\n","time":"2023-02-21T13:09:48+08:00"}
{"level":"info","msg":"remote service name: user, remote method: GetUserInfo\n","time":"2023-02-21T13:09:48+08:00"}
{"level":"info","msg":"client address: [::1]:53174\n","time":"2023-02-21T13:09:48+08:00"}
{"level":"info","msg":"real response: \u0026{Success:base_resp:{status_msg:\"Success\"} user:{id:2 name:\"jacob001\"}}\n","time":"2023-02-21T13:09:48+08:00"}
{"level":"info","msg":"real request: \u0026{Req:user_id:2}\n","time":"2023-02-21T13:09:51+08:00"}
{"level":"info","msg":"remote service name: user, remote method: GetUserInfo\n","time":"2023-02-21T13:09:51+08:00"}
{"level":"info","msg":"client address: [::1]:53174\n","time":"2023-02-21T13:09:51+08:00"}
{"level":"info","msg":"real request: \u0026{Req:user_id:2}\n","time":"2023-02-21T13:09:51+08:00"}
{"level":"info","msg":"remote service name: user, remote method: GetUserInfo\n","time":"2023-02-21T13:09:51+08:00"}
{"level":"info","msg":"client address: [::1]:53174\n","time":"2023-02-21T13:09:51+08:00"}
{"level":"info","msg":"real response: \u0026{Success:base_resp:{status_msg:\"Success\"} user:{id:2 name:\"jacob001\"}}\n","time":"2023-02-21T13:09:51+08:00"}
{"level":"info","msg":"real response: \u0026{Success:base_resp:{status_msg:\"Success\"} user:{id:2 name:\"jacob001\"}}\n","time":"2023-02-21T13:09:51+08:00"}
{"level":"info","msg":"real request: \u0026{Req:user_id:1}\n","time":"2023-02-21T13:09:51+08:00"}
{"level":"info","msg":"remote service name: user, remote method: GetUserInfo\n","time":"2023-02-21T13:09:51+08:00"}
{"level":"info","msg":"client address: [::1]:53174\n","time":"2023-02-21T13:09:51+08:00"}
{"level":"info","msg":"real response: \u0026{Success:base_resp:{status_msg:\"Success\"} user:{id:1 name:\"jacob21\"}}\n","time":"2023-02-21T13:09:51+08:00"}
{"level":"info","msg":"real request: \u0026{Req:user_id:2}\n","time":"2023-02-21T13:09:52+08:00"}
{"level":"info","msg":"remote service name: user, remote method: GetUserInfo\n","time":"2023-02-21T13:09:52+08:00"}
{"level":"info","msg":"client address: [::1]:53174\n","time":"2023-02-21T13:09:52+08:00"}
{"level":"info","msg":"real request: \u0026{Req:user_id:2}\n","time":"2023-02-21T13:09:52+08:00"}
{"level":"info","msg":"remote service name: user, remote method: GetUserInfo\n","time":"2023-02-21T13:09:52+08:00"}
{"level":"info","msg":"client address: [::1]:53174\n","time":"2023-02-21T13:09:52+08:00"}
{"level":"info","msg":"real response: \u0026{Success:base_resp:{status_msg:\"Success\"} user:{id:2 name:\"jacob001\"}}\n","time":"2023-02-21T13:09:52+08:00"}
{"level":"info","msg":"real response: \u0026{Success:base_resp:{status_msg:\"Success\"} user:{id:2 name:\"jacob001\"}}\n","time":"2023-02-21T13:09:52+08:00"}
{"level":"info","msg":"real request: \u0026{Req:user_id:1}\n","time":"2023-02-21T13:09:52+08:00"}
{"level":"info","msg":"remote service name: user, remote method: GetUserInfo\n","time":"2023-02-21T13:09:52+08:00"}
{"level":"info","msg":"client address: [::1]:53174\n","time":"2023-02-21T13:09:52+08:00"}
{"level":"info","msg":"real response: \u0026{Success:base_resp:{status_msg:\"Success\"} user:{id:1 name:\"jacob21\"}}\n","time":"2023-02-21T13:09:52+08:00"}
{"level":"info","msg":"real request: \u0026{Req:user_id:2}\n","time":"2023-02-21T13:09:53+08:00"}
{"level":"info","msg":"remote service name: user, remote method: GetUserInfo\n","time":"2023-02-21T13:09:53+08:00"}
{"level":"info","msg":"client address: [::1]:53174\n","time":"2023-02-21T13:09:53+08:00"}
{"level":"info","msg":"real response: \u0026{Success:base_resp:{status_msg:\"Success\"} user:{id:2 name:\"jacob001\"}}\n","time":"2023-02-21T13:09:53+08:00"}
{"level":"info","msg":"real request: \u0026{Req:user_id:2}\n","time":"2023-02-21T13:09:55+08:00"}
{"level":"info","msg":"remote service name: user, remote method: GetUserInfo\n","time":"2023-02-21T13:09:55+08:00"}
{"level":"info","msg":"client address: [::1]:53174\n","time":"2023-02-21T13:09:55+08:00"}
{"level":"info","msg":"real request: \u0026{Req:user_id:2}\n","time":"2023-02-21T13:09:55+08:00"}
{"level":"info","msg":"remote service name: user, remote method: GetUserInfo\n","time":"2023-02-21T13:09:55+08:00"}
{"level":"info","msg":"client address: [::1]:53174\n","time":"2023-02-21T13:09:55+08:00"}
{"level":"info","msg":"real response: \u0026{Success:base_resp:{status_msg:\"Success\"} user:{id:2 name:\"jacob001\"}}\n","time":"2023-02-21T13:09:55+08:00"}
{"level":"info","msg":"real response: \u0026{Success:base_resp:{status_msg:\"Success\"} user:{id:2 name:\"jacob001\"}}\n","time":"2023-02-21T13:09:55+08:00"}
{"level":"info","msg":"real request: \u0026{Req:user_id:1}\n","time":"2023-02-21T13:09:55+08:00"}
{"level":"info","msg":"remote service name: user, remote method: GetUserInfo\n","time":"2023-02-21T13:09:55+08:00"}
{"level":"info","msg":"client address: [::1]:53174\n","time":"2023-02-21T13:09:55+08:00"}
{"level":"info","msg":"real response: \u0026{Success:base_resp:{status_msg:\"Success\"} user:{id:1 name:\"jacob21\"}}\n","time":"2023-02-21T13:09:55+08:00"}
{"level":"info","msg":"real request: \u0026{Req:user_id:2 to_user_id:1 is_follow:true}\n","time":"2023-02-21T13:09:57+08:00"}
{"level":"info","msg":"remote service name: user, remote method: ChangeUserFollowCount\n","time":"2023-02-21T13:09:57+08:00"}
{"level":"info","msg":"client address: [::1]:52468\n","time":"2023-02-21T13:09:57+08:00"}
{"level":"info","msg":"real response: \u0026{Success:status_msg:\"Success\"}\n","time":"2023-02-21T13:09:57+08:00"}
{"level":"info","msg":"real request: \u0026{Req:user_id:2}\n","time":"2023-02-21T13:10:14+08:00"}
{"level":"info","msg":"remote service name: user, remote method: GetUserInfo\n","time":"2023-02-21T13:10:14+08:00"}
{"level":"info","msg":"client address: [::1]:53174\n","time":"2023-02-21T13:10:14+08:00"}
{"level":"info","msg":"real response: \u0026{Success:base_resp:{status_msg:\"Success\"} user:{id:2 name:\"jacob001\" follow_count:1}}\n","time":"2023-02-21T13:10:14+08:00"}
{"level":"info","msg":"real request: \u0026{Req:username:\"jacob002\" password:\"jacob002\"}\n","time":"2023-02-21T13:14:45+08:00"}
{"level":"info","msg":"remote service name: user, remote method: Register\n","time":"2023-02-21T13:14:45+08:00"}
{"level":"info","msg":"client address: [::1]:35816\n","time":"2023-02-21T13:14:45+08:00"}
{"level":"info","msg":"real response: \u0026{Success:base_resp:{status_msg:\"Success\"} user_id:3}\n","time":"2023-02-21T13:14:45+08:00"}
{"level":"info","msg":"real request: \u0026{Req:user_id:3}\n","time":"2023-02-21T13:14:46+08:00"}
{"level":"info","msg":"remote service name: user, remote method: GetUserInfo\n","time":"2023-02-21T13:14:46+08:00"}
{"level":"info","msg":"client address: [::1]:35816\n","time":"2023-02-21T13:14:46+08:00"}
{"level":"info","msg":"real response: \u0026{Success:base_resp:{status_msg:\"Success\"} user:{id:3 name:\"jacob002\"}}\n","time":"2023-02-21T13:14:46+08:00"}
{"level":"warning","msg":"KITEX: signal connection closing error:protobuf just support 'framed' trans proto[::]:13123=\u003e[::1]:52468","time":"2023-02-21T14:03:36+08:00"}
{"level":"info","msg":"KITEX: server listen at addr=[::]:13123","time":"2023-02-21T19:40:58+08:00"}
{"level":"info","msg":"start keepalive lease 694d8673c0ed8b08 for etcd registry","time":"2023-02-21T19:40:59+08:00"}
{"level":"info","msg":"real request: \u0026{Req:user_id:2}\n","time":"2023-02-21T19:43:06+08:00"}
{"level":"info","msg":"remote service name: user, remote method: GetUserInfo\n","time":"2023-02-21T19:43:06+08:00"}
{"level":"info","msg":"client address: [::1]:42454\n","time":"2023-02-21T19:43:06+08:00"}
{"level":"info","msg":"real response: \u0026{Success:base_resp:{status_msg:\"Success\"} user:{id:2 name:\"jacob001\" follow_count:1}}\n","time":"2023-02-21T19:43:07+08:00"}
{"level":"info","msg":"real request: \u0026{Req:user_id:1}\n","time":"2023-02-21T19:43:07+08:00"}
{"level":"info","msg":"remote service name: user, remote method: GetUserInfo\n","time":"2023-02-21T19:43:07+08:00"}
{"level":"info","msg":"client address: [::1]:42454\n","time":"2023-02-21T19:43:07+08:00"}
{"level":"info","msg":"real response: \u0026{Success:base_resp:{status_msg:\"Success\"} user:{id:1 name:\"jacob21\" follower_count:1}}\n","time":"2023-02-21T19:43:07+08:00"}
{"level":"info","msg":"real request: \u0026{Req:user_id:2}\n","time":"2023-02-21T19:43:07+08:00"}
{"level":"info","msg":"remote service name: user, remote method: GetUserInfo\n","time":"2023-02-21T19:43:07+08:00"}
{"level":"info","msg":"client address: [::1]:42454\n","time":"2023-02-21T19:43:07+08:00"}
{"level":"info","msg":"real response: \u0026{Success:base_resp:{status_msg:\"Success\"} user:{id:2 name:\"jacob001\" follow_count:1}}\n","time":"2023-02-21T19:43:07+08:00"}
{"level":"info","msg":"real request: \u0026{Req:user_id:1}\n","time":"2023-02-21T19:43:07+08:00"}
{"level":"info","msg":"remote service name: user, remote method: GetUserInfo\n","time":"2023-02-21T19:43:07+08:00"}
{"level":"info","msg":"client address: [::1]:42454\n","time":"2023-02-21T19:43:07+08:00"}
{"level":"info","msg":"real response: \u0026{Success:base_resp:{status_msg:\"Success\"} user:{id:1 name:\"jacob21\" follower_count:1}}\n","time":"2023-02-21T19:43:07+08:00"}
{"level":"info","msg":"real request: \u0026{Req:user_id:2}\n","time":"2023-02-21T19:43:16+08:00"}
{"level":"info","msg":"remote service name: user, remote method: GetUserInfo\n","time":"2023-02-21T19:43:16+08:00"}
{"level":"info","msg":"client address: [::1]:42454\n","time":"2023-02-21T19:43:16+08:00"}
{"level":"info","msg":"real response: \u0026{Success:base_resp:{status_msg:\"Success\"} user:{id:2 name:\"jacob001\" follow_count:1}}\n","time":"2023-02-21T19:43:16+08:00"}
{"level":"info","msg":"real request: \u0026{Req:user_id:1}\n","time":"2023-02-21T19:43:16+08:00"}
{"level":"info","msg":"remote service name: user, remote method: GetUserInfo\n","time":"2023-02-21T19:43:16+08:00"}
{"level":"info","msg":"client address: [::1]:42454\n","time":"2023-02-21T19:43:16+08:00"}
{"level":"info","msg":"real response: \u0026{Success:base_resp:{status_msg:\"Success\"} user:{id:1 name:\"jacob21\" follower_count:1}}\n","time":"2023-02-21T19:43:16+08:00"}
{"level":"info","msg":"real request: \u0026{Req:user_id:2}\n","time":"2023-02-21T19:43:17+08:00"}
{"level":"info","msg":"remote service name: user, remote method: GetUserInfo\n","time":"2023-02-21T19:43:17+08:00"}
{"level":"info","msg":"client address: [::1]:42454\n","time":"2023-02-21T19:43:17+08:00"}
{"level":"info","msg":"real response: \u0026{Success:base_resp:{status_msg:\"Success\"} user:{id:2 name:\"jacob001\" follow_count:1}}\n","time":"2023-02-21T19:43:17+08:00"}
{"level":"info","msg":"real request: \u0026{Req:user_id:1}\n","time":"2023-02-21T19:43:17+08:00"}
{"level":"info","msg":"remote service name: user, remote method: GetUserInfo\n","time":"2023-02-21T19:43:17+08:00"}
{"level":"info","msg":"client address: [::1]:42454\n","time":"2023-02-21T19:43:17+08:00"}
{"level":"info","msg":"real response: \u0026{Success:base_resp:{status_msg:\"Success\"} user:{id:1 name:\"jacob21\" follower_count:1}}\n","time":"2023-02-21T19:43:17+08:00"}
{"level":"info","msg":"real request: \u0026{Req:username:\"jacob2\" password:\"jacob2\"}\n","time":"2023-02-21T19:43:28+08:00"}
{"level":"info","msg":"remote service name: user, remote method: Register\n","time":"2023-02-21T19:43:28+08:00"}
{"level":"info","msg":"client address: [::1]:33252\n","time":"2023-02-21T19:43:28+08:00"}
{"level":"info","msg":"real response: \u0026{Success:base_resp:{status_msg:\"Success\"} user_id:4}\n","time":"2023-02-21T19:43:28+08:00"}
{"level":"info","msg":"real request: \u0026{Req:user_id:4}\n","time":"2023-02-21T19:43:29+08:00"}
{"level":"info","msg":"remote service name: user, remote method: GetUserInfo\n","time":"2023-02-21T19:43:29+08:00"}
{"level":"info","msg":"client address: [::1]:33252\n","time":"2023-02-21T19:43:29+08:00"}
{"level":"info","msg":"real response: \u0026{Success:base_resp:{status_msg:\"Success\"} user:{id:4 name:\"jacob2\"}}\n","time":"2023-02-21T19:43:29+08:00"}
{"level":"info","msg":"real request: \u0026{Req:user_id:2}\n","time":"2023-02-21T19:51:47+08:00"}
{"level":"info","msg":"remote service name: user, remote method: GetUserInfo\n","time":"2023-02-21T19:51:47+08:00"}
{"level":"info","msg":"client address: [::1]:57388\n","time":"2023-02-21T19:51:47+08:00"}
{"level":"info","msg":"real response: \u0026{Success:base_resp:{status_msg:\"Success\"} user:{id:2 name:\"jacob001\" follow_count:1}}\n","time":"2023-02-21T19:51:47+08:00"}
{"level":"info","msg":"real request: \u0026{Req:user_id:1}\n","time":"2023-02-21T19:51:47+08:00"}
{"level":"info","msg":"remote service name: user, remote method: GetUserInfo\n","time":"2023-02-21T19:51:47+08:00"}
{"level":"info","msg":"client address: [::1]:57388\n","time":"2023-02-21T19:51:47+08:00"}
{"level":"info","msg":"real response: \u0026{Success:base_resp:{status_msg:\"Success\"} user:{id:1 name:\"jacob21\" follower_count:1}}\n","time":"2023-02-21T19:51:47+08:00"}
{"level":"info","msg":"real request: \u0026{Req:user_id:2}\n","time":"2023-02-21T19:51:47+08:00"}
{"level":"info","msg":"remote service name: user, remote method: GetUserInfo\n","time":"2023-02-21T19:51:47+08:00"}
{"level":"info","msg":"client address: [::1]:57388\n","time":"2023-02-21T19:51:47+08:00"}
{"level":"info","msg":"real response: \u0026{Success:base_resp:{status_msg:\"Success\"} user:{id:2 name:\"jacob001\" follow_count:1}}\n","time":"2023-02-21T19:51:47+08:00"}
{"level":"info","msg":"real request: \u0026{Req:user_id:1}\n","time":"2023-02-21T19:51:47+08:00"}
{"level":"info","msg":"remote service name: user, remote method: GetUserInfo\n","time":"2023-02-21T19:51:47+08:00"}
{"level":"info","msg":"client address: [::1]:57388\n","time":"2023-02-21T19:51:47+08:00"}
{"level":"info","msg":"real response: \u0026{Success:base_resp:{status_msg:\"Success\"} user:{id:1 name:\"jacob21\" follower_count:1}}\n","time":"2023-02-21T19:51:47+08:00"}
{"level":"info","msg":"real request: \u0026{Req:username:\"jacob2\" password:\"jacob2\"}\n","time":"2023-02-21T19:51:55+08:00"}
{"level":"info","msg":"remote service name: user, remote method: Login\n","time":"2023-02-21T19:51:55+08:00"}
{"level":"info","msg":"client address: [::1]:43916\n","time":"2023-02-21T19:51:55+08:00"}
{"level":"info","msg":"real response: \u0026{Success:base_resp:{status_msg:\"Success\"} user_id:4}\n","time":"2023-02-21T19:51:55+08:00"}
{"level":"info","msg":"real request: \u0026{Req:user_id:4}\n","time":"2023-02-21T19:51:55+08:00"}
{"level":"info","msg":"remote service name: user, remote method: GetUserInfo\n","time":"2023-02-21T19:51:55+08:00"}
{"level":"info","msg":"client address: [::1]:43916\n","time":"2023-02-21T19:51:55+08:00"}
{"level":"info","msg":"real response: \u0026{Success:base_resp:{status_msg:\"Success\"} user:{id:4 name:\"jacob2\"}}\n","time":"2023-02-21T19:51:55+08:00"}
{"level":"info","msg":"real request: \u0026{Req:user_id:4}\n","time":"2023-02-21T19:52:20+08:00"}
{"level":"info","msg":"remote service name: user, remote method: GetUserInfo\n","time":"2023-02-21T19:52:20+08:00"}
{"level":"info","msg":"client address: [::1]:57388\n","time":"2023-02-21T19:52:20+08:00"}
{"level":"info","msg":"real response: \u0026{Success:base_resp:{status_msg:\"Success\"} user:{id:4 name:\"jacob2\"}}\n","time":"2023-02-21T19:52:20+08:00"}
