{"level":"info","msg":"KITEX: server listen at addr=[::]:9000","time":"2023-02-18T16:59:35+08:00"}
{"level":"info","msg":"start keepalive lease 694d8663bb2a5c07 for etcd registry","time":"2023-02-18T16:59:36+08:00"}
{"level":"info","msg":"real request: \u0026{Req:username:\"1\" password:\"2222222\"}\n","time":"2023-02-18T17:00:02+08:00"}
{"level":"info","msg":"remote service name: user, remote method: Register\n","time":"2023-02-18T17:00:02+08:00"}
{"level":"info","msg":"client address: [::1]:48428\n","time":"2023-02-18T17:00:02+08:00"}
{"level":"info","msg":"real response: \u0026{Success:base_resp:{status_msg:\"Success\"} user_id:1}\n","time":"2023-02-18T17:00:02+08:00"}
{"level":"info","msg":"real request: \u0026{Req:user_id:1}\n","time":"2023-02-18T17:00:03+08:00"}
{"level":"info","msg":"remote service name: user, remote method: GetUserInfo\n","time":"2023-02-18T17:00:03+08:00"}
{"level":"info","msg":"client address: [::1]:48428\n","time":"2023-02-18T17:00:03+08:00"}
{"level":"info","msg":"real response: \u0026{Success:base_resp:{status_msg:\"Success\"} user:{id:1 name:\"1\"}}\n","time":"2023-02-18T17:00:03+08:00"}
{"level":"info","msg":"real request: \u0026{Req:username:\"1\" password:\"123123\"}\n","time":"2023-02-18T17:06:39+08:00"}
{"level":"info","msg":"remote service name: user, remote method: Login\n","time":"2023-02-18T17:06:39+08:00"}
{"level":"info","msg":"client address: [::1]:36230\n","time":"2023-02-18T17:06:39+08:00"}
{"level":"info","msg":"real response: \u0026{Success:base_resp:{status_code:10003 status_msg:\"Authorization failed\"} user_id:-1}\n","time":"2023-02-18T17:06:39+08:00"}
{"level":"info","msg":"real request: \u0026{Req:username:\"1\" password:\"123123\"}\n","time":"2023-02-18T17:06:44+08:00"}
{"level":"info","msg":"remote service name: user, remote method: Register\n","time":"2023-02-18T17:06:44+08:00"}
{"level":"info","msg":"client address: [::1]:36230\n","time":"2023-02-18T17:06:44+08:00"}
{"level":"info","msg":"real response: \u0026{Success:base_resp:{status_code:10001 status_msg:\"User already exists\"} user_id:-1}\n","time":"2023-02-18T17:06:44+08:00"}
{"level":"info","msg":"real request: \u0026{Req:username:\"2\" password:\"123123\"}\n","time":"2023-02-18T17:06:50+08:00"}
{"level":"info","msg":"remote service name: user, remote method: Register\n","time":"2023-02-18T17:06:50+08:00"}
{"level":"info","msg":"client address: [::1]:36230\n","time":"2023-02-18T17:06:50+08:00"}
{"level":"info","msg":"real response: \u0026{Success:base_resp:{status_msg:\"Success\"} user_id:2}\n","time":"2023-02-18T17:06:50+08:00"}
{"level":"info","msg":"real request: \u0026{Req:user_id:2}\n","time":"2023-02-18T17:06:51+08:00"}
{"level":"info","msg":"remote service name: user, remote method: GetUserInfo\n","time":"2023-02-18T17:06:51+08:00"}
{"level":"info","msg":"client address: [::1]:36230\n","time":"2023-02-18T17:06:51+08:00"}
{"level":"info","msg":"real response: \u0026{Success:base_resp:{status_msg:\"Success\"} user:{id:2 name:\"2\"}}\n","time":"2023-02-18T17:06:51+08:00"}
{"level":"info","msg":"real request: \u0026{Req:username:\"2\" password:\"123123\"}\n","time":"2023-02-18T17:13:02+08:00"}
{"level":"info","msg":"remote service name: user, remote method: Login\n","time":"2023-02-18T17:13:02+08:00"}
{"level":"info","msg":"client address: [::1]:55066\n","time":"2023-02-18T17:13:02+08:00"}
{"level":"info","msg":"real response: \u0026{Success:base_resp:{status_msg:\"Success\"} user_id:2}\n","time":"2023-02-18T17:13:02+08:00"}
{"level":"info","msg":"real request: \u0026{Req:user_id:2}\n","time":"2023-02-18T17:13:02+08:00"}
{"level":"info","msg":"remote service name: user, remote method: GetUserInfo\n","time":"2023-02-18T17:13:02+08:00"}
{"level":"info","msg":"client address: [::1]:55066\n","time":"2023-02-18T17:13:02+08:00"}
{"level":"info","msg":"real response: \u0026{Success:base_resp:{status_msg:\"Success\"} user:{id:2 name:\"2\"}}\n","time":"2023-02-18T17:13:02+08:00"}
